{"/home/runner/work/dial-smart-system/dial-smart-system/src/components/ErrorBoundary.tsx": {"path":"/home/runner/work/dial-smart-system/dial-smart-system/src/components/ErrorBoundary.tsx","statementMap":{"0":{"start":{"line":27,"column":1},"end":{"line":27,"column":null}},"1":{"start":{"line":39,"column":4},"end":{"line":43,"column":null}},"2":{"start":{"line":47,"column":4},"end":{"line":47,"column":null}},"3":{"start":{"line":50,"column":4},"end":{"line":53,"column":null}},"4":{"start":{"line":55,"column":4},"end":{"line":58,"column":null}},"5":{"start":{"line":77,"column":4},"end":{"line":125,"column":null}},"6":{"start":{"line":79,"column":6},"end":{"line":81,"column":null}},"7":{"start":{"line":80,"column":8},"end":{"line":80,"column":null}},"8":{"start":{"line":84,"column":6},"end":{"line":118,"column":null}},"9":{"start":{"line":127,"column":4},"end":{"line":127,"column":null}},"10":{"start":{"line":30,"column":4},"end":{"line":74,"column":null}},"11":{"start":{"line":62,"column":4},"end":{"line":66,"column":null}},"12":{"start":{"line":69,"column":4},"end":{"line":69,"column":null}},"13":{"start":{"line":73,"column":4},"end":{"line":73,"column":null}},"14":{"start":{"line":31,"column":4},"end":{"line":35,"column":null}},"15":{"start":{"line":134,"column":33},"end":{"line":143,"column":null}},"16":{"start":{"line":138,"column":2},"end":{"line":140,"column":null}},"17":{"start":{"line":138,"column":10},"end":{"line":140,"column":null}}},"fnMap":{"0":{"name":"_define_property","decl":{"start":{"line":6,"column":1},"end":{"line":6,"column":null}},"loc":{"start":{"line":6,"column":1},"end":{"line":6,"column":null}},"line":6},"1":{"name":"(anonymous_1)","decl":{"start":{"line":38,"column":9},"end":{"line":38,"column":34}},"loc":{"start":{"line":38,"column":55},"end":{"line":44,"column":null}},"line":38},"2":{"name":"(anonymous_2)","decl":{"start":{"line":46,"column":2},"end":{"line":46,"column":20}},"loc":{"start":{"line":46,"column":56},"end":{"line":59,"column":null}},"line":46},"3":{"name":"(anonymous_3)","decl":{"start":{"line":76,"column":2},"end":{"line":76,"column":11}},"loc":{"start":{"line":76,"column":11},"end":{"line":128,"column":null}},"line":76},"4":{"name":"(anonymous_4)","decl":{"start":{"line":29,"column":2},"end":{"line":29,"column":14}},"loc":{"start":{"line":29,"column":28},"end":{"line":36,"column":null}},"line":29},"5":{"name":"(anonymous_5)","decl":{"start":{"line":61,"column":16},"end":{"line":61,"column":null}},"loc":{"start":{"line":61,"column":16},"end":{"line":70,"column":null}},"line":61},"6":{"name":"(anonymous_6)","decl":{"start":{"line":72,"column":17},"end":{"line":72,"column":null}},"loc":{"start":{"line":72,"column":17},"end":{"line":74,"column":null}},"line":72},"7":{"name":"(anonymous_7)","decl":{"start":{"line":134,"column":33},"end":{"line":134,"column":null}},"loc":{"start":{"line":136,"column":2},"end":{"line":143,"column":null}},"line":136},"8":{"name":"(anonymous_8)","decl":{"start":{"line":138,"column":9},"end":{"line":138,"column":10}},"loc":{"start":{"line":138,"column":10},"end":{"line":140,"column":null}},"line":138}},"branchMap":{"0":{"loc":{"start":{"line":77,"column":4},"end":{"line":125,"column":null}},"type":"if","locations":[{"start":{"line":77,"column":4},"end":{"line":125,"column":null}},{"start":{},"end":{}}],"line":77},"1":{"loc":{"start":{"line":79,"column":6},"end":{"line":81,"column":null}},"type":"if","locations":[{"start":{"line":79,"column":6},"end":{"line":81,"column":null}},{"start":{},"end":{}}],"line":79},"2":{"loc":{"start":{"line":97,"column":15},"end":{"line":102,"column":null}},"type":"binary-expr","locations":[{"start":{"line":97,"column":15},"end":{"line":97,"column":34}},{"start":{"line":97,"column":38},"end":{"line":97,"column":54}},{"start":{"line":97,"column":54},"end":{"line":102,"column":null}}],"line":97}},"s":{"0":1,"1":8,"2":4,"3":4,"4":4,"5":21,"6":12,"7":3,"8":9,"9":9,"10":10,"11":0,"12":0,"13":0,"14":10,"15":1,"16":0,"17":0},"f":{"0":18,"1":1,"2":4,"3":21,"4":10,"5":0,"6":0,"7":0,"8":0},"b":{"0":[12,9],"1":[3,9],"2":[9,9,9]},"meta":{"lastBranch":3,"lastFunction":9,"lastStatement":18,"seen":{"f:6:1:6:Infinity":0,"s:27:1:27:Infinity":0,"f:38:9:38:34":1,"s:39:4:43:Infinity":1,"f:46:2:46:20":2,"s:47:4:47:Infinity":2,"s:50:4:53:Infinity":3,"s:55:4:58:Infinity":4,"f:76:2:76:11":3,"b:77:4:125:Infinity:undefined:undefined:undefined:undefined":0,"s:77:4:125:Infinity":5,"b:79:6:81:Infinity:undefined:undefined:undefined:undefined":1,"s:79:6:81:Infinity":6,"s:80:8:80:Infinity":7,"s:84:6:118:Infinity":8,"b:97:15:97:34:97:38:97:54:97:54:102:Infinity":2,"s:127:4:127:Infinity":9,"f:29:2:29:14":4,"s:30:4:74:Infinity":10,"f:61:16:61:Infinity":5,"s:62:4:66:Infinity":11,"s:69:4:69:Infinity":12,"f:72:17:72:Infinity":6,"s:73:4:73:Infinity":13,"s:31:4:35:Infinity":14,"s:134:33:143:Infinity":15,"f:134:33:134:Infinity":7,"s:138:2:140:Infinity":16,"f:138:9:138:10":8,"s:138:10:140:Infinity":17}}}
,"/home/runner/work/dial-smart-system/dial-smart-system/src/components/ProductionHealthDashboard.tsx": {"path":"/home/runner/work/dial-smart-system/dial-smart-system/src/components/ProductionHealthDashboard.tsx","statementMap":{"0":{"start":{"line":28,"column":41},"end":{"line":252,"column":null}},"1":{"start":{"line":29,"column":41},"end":{"line":29,"column":null}},"2":{"start":{"line":30,"column":51},"end":{"line":30,"column":null}},"3":{"start":{"line":31,"column":37},"end":{"line":31,"column":null}},"4":{"start":{"line":32,"column":35},"end":{"line":32,"column":null}},"5":{"start":{"line":34,"column":2},"end":{"line":44,"column":null}},"6":{"start":{"line":36,"column":4},"end":{"line":36,"column":null}},"7":{"start":{"line":39,"column":21},"end":{"line":41,"column":null}},"8":{"start":{"line":40,"column":6},"end":{"line":40,"column":null}},"9":{"start":{"line":43,"column":4},"end":{"line":43,"column":null}},"10":{"start":{"line":43,"column":17},"end":{"line":43,"column":null}},"11":{"start":{"line":46,"column":28},"end":{"line":117,"column":null}},"12":{"start":{"line":47,"column":36},"end":{"line":47,"column":38}},"13":{"start":{"line":48,"column":45},"end":{"line":48,"column":47}},"14":{"start":{"line":51,"column":22},"end":{"line":51,"column":null}},"15":{"start":{"line":52,"column":4},"end":{"line":57,"column":null}},"16":{"start":{"line":60,"column":4},"end":{"line":76,"column":null}},"17":{"start":{"line":61,"column":6},"end":{"line":61,"column":null}},"18":{"start":{"line":62,"column":6},"end":{"line":62,"column":null}},"19":{"start":{"line":63,"column":6},"end":{"line":68,"column":null}},"20":{"start":{"line":70,"column":6},"end":{"line":75,"column":null}},"21":{"start":{"line":79,"column":4},"end":{"line":91,"column":null}},"22":{"start":{"line":80,"column":21},"end":{"line":80,"column":48}},"23":{"start":{"line":81,"column":27},"end":{"line":81,"column":null}},"24":{"start":{"line":82,"column":6},"end":{"line":82,"column":null}},"25":{"start":{"line":84,"column":27},"end":{"line":84,"column":null}},"26":{"start":{"line":85,"column":6},"end":{"line":90,"column":null}},"27":{"start":{"line":94,"column":4},"end":{"line":112,"column":null}},"28":{"start":{"line":95,"column":25},"end":{"line":95,"column":70}},"29":{"start":{"line":97,"column":6},"end":{"line":111,"column":null}},"30":{"start":{"line":98,"column":8},"end":{"line":103,"column":null}},"31":{"start":{"line":105,"column":8},"end":{"line":110,"column":null}},"32":{"start":{"line":114,"column":4},"end":{"line":114,"column":null}},"33":{"start":{"line":115,"column":4},"end":{"line":115,"column":null}},"34":{"start":{"line":116,"column":4},"end":{"line":116,"column":null}},"35":{"start":{"line":119,"column":24},"end":{"line":128,"column":null}},"36":{"start":{"line":120,"column":4},"end":{"line":127,"column":null}},"37":{"start":{"line":122,"column":8},"end":{"line":122,"column":null}},"38":{"start":{"line":124,"column":8},"end":{"line":124,"column":null}},"39":{"start":{"line":126,"column":8},"end":{"line":126,"column":null}},"40":{"start":{"line":130,"column":25},"end":{"line":142,"column":null}},"41":{"start":{"line":131,"column":21},"end":{"line":135,"column":null}},"42":{"start":{"line":137,"column":4},"end":{"line":139,"column":null}},"43":{"start":{"line":144,"column":24},"end":{"line":148,"column":null}},"44":{"start":{"line":144,"column":49},"end":{"line":144,"column":null}},"45":{"start":{"line":146,"column":30},"end":{"line":146,"column":null}},"46":{"start":{"line":150,"column":2},"end":{"line":242,"column":null}},"47":{"start":{"line":176,"column":28},"end":{"line":177,"column":null}},"48":{"start":{"line":203,"column":33},"end":{"line":203,"column":null}},"49":{"start":{"line":204,"column":29},"end":{"line":204,"column":60}},"50":{"start":{"line":206,"column":14},"end":{"line":207,"column":39}}},"fnMap":{"0":{"name":"(anonymous_0)","decl":{"start":{"line":28,"column":41},"end":{"line":28,"column":null}},"loc":{"start":{"line":28,"column":41},"end":{"line":252,"column":null}},"line":28},"1":{"name":"(anonymous_1)","decl":{"start":{"line":34,"column":12},"end":{"line":34,"column":null}},"loc":{"start":{"line":34,"column":12},"end":{"line":44,"column":5}},"line":34},"2":{"name":"(anonymous_2)","decl":{"start":{"line":39,"column":33},"end":{"line":39,"column":null}},"loc":{"start":{"line":39,"column":33},"end":{"line":41,"column":7}},"line":39},"3":{"name":"(anonymous_3)","decl":{"start":{"line":43,"column":11},"end":{"line":43,"column":17}},"loc":{"start":{"line":43,"column":17},"end":{"line":43,"column":null}},"line":43},"4":{"name":"(anonymous_4)","decl":{"start":{"line":46,"column":28},"end":{"line":46,"column":null}},"loc":{"start":{"line":46,"column":28},"end":{"line":117,"column":null}},"line":46},"5":{"name":"(anonymous_5)","decl":{"start":{"line":119,"column":24},"end":{"line":119,"column":25}},"loc":{"start":{"line":119,"column":25},"end":{"line":128,"column":null}},"line":119},"6":{"name":"(anonymous_6)","decl":{"start":{"line":130,"column":25},"end":{"line":130,"column":26}},"loc":{"start":{"line":130,"column":26},"end":{"line":142,"column":null}},"line":130},"7":{"name":"(anonymous_7)","decl":{"start":{"line":144,"column":44},"end":{"line":144,"column":49}},"loc":{"start":{"line":144,"column":49},"end":{"line":144,"column":null}},"line":144},"8":{"name":"(anonymous_8)","decl":{"start":{"line":146,"column":25},"end":{"line":146,"column":30}},"loc":{"start":{"line":146,"column":30},"end":{"line":146,"column":null}},"line":146},"9":{"name":"(anonymous_9)","decl":{"start":{"line":176,"column":27},"end":{"line":176,"column":28}},"loc":{"start":{"line":176,"column":28},"end":{"line":177,"column":null}},"line":176},"10":{"name":"(anonymous_10)","decl":{"start":{"line":202,"column":36},"end":{"line":202,"column":37}},"loc":{"start":{"line":202,"column":37},"end":{"line":220,"column":null}},"line":202}},"branchMap":{"0":{"loc":{"start":{"line":51,"column":22},"end":{"line":51,"column":null}},"type":"cond-expr","locations":[{"start":{"line":51,"column":41},"end":{"line":51,"column":53}},{"start":{"line":51,"column":53},"end":{"line":51,"column":null}}],"line":51},"1":{"loc":{"start":{"line":54,"column":13},"end":{"line":54,"column":null}},"type":"cond-expr","locations":[{"start":{"line":54,"column":32},"end":{"line":54,"column":43}},{"start":{"line":54,"column":43},"end":{"line":54,"column":null}}],"line":54},"2":{"loc":{"start":{"line":79,"column":4},"end":{"line":91,"column":null}},"type":"if","locations":[{"start":{"line":79,"column":4},"end":{"line":91,"column":null}},{"start":{},"end":{}}],"line":79},"3":{"loc":{"start":{"line":84,"column":27},"end":{"line":84,"column":null}},"type":"cond-expr","locations":[{"start":{"line":84,"column":47},"end":{"line":84,"column":57}},{"start":{"line":84,"column":57},"end":{"line":84,"column":null}}],"line":84},"4":{"loc":{"start":{"line":84,"column":57},"end":{"line":84,"column":null}},"type":"cond-expr","locations":[{"start":{"line":84,"column":77},"end":{"line":84,"column":89}},{"start":{"line":84,"column":89},"end":{"line":84,"column":null}}],"line":84},"5":{"loc":{"start":{"line":94,"column":4},"end":{"line":112,"column":null}},"type":"if","locations":[{"start":{"line":94,"column":4},"end":{"line":112,"column":null}},{"start":{},"end":{}}],"line":94},"6":{"loc":{"start":{"line":97,"column":6},"end":{"line":111,"column":null}},"type":"if","locations":[{"start":{"line":97,"column":6},"end":{"line":111,"column":null}},{"start":{},"end":{}}],"line":97},"7":{"loc":{"start":{"line":120,"column":4},"end":{"line":127,"column":null}},"type":"switch","locations":[{"start":{"line":121,"column":6},"end":{"line":122,"column":null}},{"start":{"line":123,"column":6},"end":{"line":124,"column":null}},{"start":{"line":125,"column":6},"end":{"line":126,"column":null}}],"line":120},"8":{"loc":{"start":{"line":144,"column":24},"end":{"line":148,"column":null}},"type":"cond-expr","locations":[{"start":{"line":145,"column":6},"end":{"line":145,"column":null}},{"start":{"line":146,"column":6},"end":{"line":148,"column":null}}],"line":144},"9":{"loc":{"start":{"line":146,"column":6},"end":{"line":148,"column":null}},"type":"cond-expr","locations":[{"start":{"line":147,"column":6},"end":{"line":147,"column":null}},{"start":{"line":148,"column":6},"end":{"line":148,"column":null}}],"line":146},"10":{"loc":{"start":{"line":184,"column":15},"end":{"line":185,"column":null}},"type":"binary-expr","locations":[{"start":{"line":184,"column":15},"end":{"line":184,"column":33}},{"start":{"line":184,"column":33},"end":{"line":185,"column":null}}],"line":184},"11":{"loc":{"start":{"line":193,"column":7},"end":{"line":220,"column":null}},"type":"binary-expr","locations":[{"start":{"line":193,"column":7},"end":{"line":193,"column":null}},{"start":{"line":193,"column":35},"end":{"line":220,"column":null}}],"line":193},"12":{"loc":{"start":{"line":210,"column":48},"end":{"line":210,"column":92}},"type":"cond-expr","locations":[{"start":{"line":210,"column":57},"end":{"line":210,"column":76}},{"start":{"line":210,"column":76},"end":{"line":210,"column":92}}],"line":210},"13":{"loc":{"start":{"line":216,"column":31},"end":{"line":216,"column":null}},"type":"cond-expr","locations":[{"start":{"line":216,"column":40},"end":{"line":216,"column":45}},{"start":{"line":216,"column":45},"end":{"line":216,"column":null}}],"line":216},"14":{"loc":{"start":{"line":226,"column":7},"end":{"line":242,"column":null}},"type":"binary-expr","locations":[{"start":{"line":226,"column":7},"end":{"line":226,"column":null}},{"start":{"line":226,"column":21},"end":{"line":242,"column":null}}],"line":226},"15":{"loc":{"start":{"line":236,"column":27},"end":{"line":236,"column":null}},"type":"cond-expr","locations":[{"start":{"line":236,"column":46},"end":{"line":236,"column":61}},{"start":{"line":236,"column":61},"end":{"line":236,"column":null}}],"line":236},"16":{"loc":{"start":{"line":236,"column":61},"end":{"line":236,"column":null}},"type":"cond-expr","locations":[{"start":{"line":236,"column":80},"end":{"line":236,"column":98}},{"start":{"line":236,"column":98},"end":{"line":236,"column":null}}],"line":236},"17":{"loc":{"start":{"line":240,"column":17},"end":{"line":242,"column":null}},"type":"binary-expr","locations":[{"start":{"line":240,"column":17},"end":{"line":240,"column":null}},{"start":{"line":240,"column":31},"end":{"line":242,"column":null}}],"line":240},"18":{"loc":{"start":{"line":242,"column":21},"end":{"line":242,"column":null}},"type":"cond-expr","locations":[{"start":{"line":242,"column":40},"end":{"line":242,"column":53}},{"start":{"line":242,"column":53},"end":{"line":242,"column":null}}],"line":242}},"s":{"0":1,"1":18,"2":18,"3":18,"4":18,"5":18,"6":9,"7":9,"8":0,"9":9,"10":9,"11":18,"12":9,"13":9,"14":9,"15":9,"16":9,"17":9,"18":9,"19":9,"20":0,"21":9,"22":9,"23":9,"24":9,"25":9,"26":9,"27":9,"28":9,"29":9,"30":9,"31":9,"32":9,"33":9,"34":9,"35":18,"36":27,"37":27,"38":0,"39":0,"40":18,"41":18,"42":18,"43":18,"44":27,"45":0,"46":18,"47":27,"48":18,"49":18,"50":18},"f":{"0":18,"1":9,"2":0,"3":9,"4":9,"5":27,"6":18,"7":27,"8":0,"9":27,"10":18},"b":{"0":[9,0],"1":[9,0],"2":[9,0],"3":[0,9],"4":[0,9],"5":[9,0],"6":[9,0],"7":[27,0,0],"8":[18,0],"9":[0,0],"10":[27,27],"11":[18,9],"12":[18,0],"13":[18,0],"14":[18,9],"15":[0,9],"16":[0,9],"17":[9,0],"18":[0,0]},"meta":{"lastBranch":19,"lastFunction":11,"lastStatement":51,"seen":{"s:28:41:252:Infinity":0,"f:28:41:28:Infinity":0,"s:29:41:29:Infinity":1,"s:30:51:30:Infinity":2,"s:31:37:31:Infinity":3,"s:32:35:32:Infinity":4,"s:34:2:44:Infinity":5,"f:34:12:34:Infinity":1,"s:36:4:36:Infinity":6,"s:39:21:41:Infinity":7,"f:39:33:39:Infinity":2,"s:40:6:40:Infinity":8,"s:43:4:43:Infinity":9,"f:43:11:43:17":3,"s:43:17:43:Infinity":10,"s:46:28:117:Infinity":11,"f:46:28:46:Infinity":4,"s:47:36:47:38":12,"s:48:45:48:47":13,"s:51:22:51:Infinity":14,"b:51:41:51:53:51:53:51:Infinity":0,"s:52:4:57:Infinity":15,"b:54:32:54:43:54:43:54:Infinity":1,"s:60:4:76:Infinity":16,"s:61:6:61:Infinity":17,"s:62:6:62:Infinity":18,"s:63:6:68:Infinity":19,"s:70:6:75:Infinity":20,"b:79:4:91:Infinity:undefined:undefined:undefined:undefined":2,"s:79:4:91:Infinity":21,"s:80:21:80:48":22,"s:81:27:81:Infinity":23,"s:82:6:82:Infinity":24,"s:84:27:84:Infinity":25,"b:84:47:84:57:84:57:84:Infinity":3,"b:84:77:84:89:84:89:84:Infinity":4,"s:85:6:90:Infinity":26,"b:94:4:112:Infinity:undefined:undefined:undefined:undefined":5,"s:94:4:112:Infinity":27,"s:95:25:95:70":28,"b:97:6:111:Infinity:undefined:undefined:undefined:undefined":6,"s:97:6:111:Infinity":29,"s:98:8:103:Infinity":30,"s:105:8:110:Infinity":31,"s:114:4:114:Infinity":32,"s:115:4:115:Infinity":33,"s:116:4:116:Infinity":34,"s:119:24:128:Infinity":35,"f:119:24:119:25":5,"b:121:6:122:Infinity:123:6:124:Infinity:125:6:126:Infinity":7,"s:120:4:127:Infinity":36,"s:122:8:122:Infinity":37,"s:124:8:124:Infinity":38,"s:126:8:126:Infinity":39,"s:130:25:142:Infinity":40,"f:130:25:130:26":6,"s:131:21:135:Infinity":41,"s:137:4:139:Infinity":42,"s:144:24:148:Infinity":43,"b:145:6:145:Infinity:146:6:148:Infinity":8,"f:144:44:144:49":7,"s:144:49:144:Infinity":44,"b:147:6:147:Infinity:148:6:148:Infinity":9,"f:146:25:146:30":8,"s:146:30:146:Infinity":45,"s:150:2:242:Infinity":46,"f:176:27:176:28":9,"s:176:28:177:Infinity":47,"b:184:15:184:33:184:33:185:Infinity":10,"b:193:7:193:Infinity:193:35:220:Infinity":11,"f:202:36:202:37":10,"s:203:33:203:Infinity":48,"s:204:29:204:60":49,"s:206:14:207:39":50,"b:210:57:210:76:210:76:210:92":12,"b:216:40:216:45:216:45:216:Infinity":13,"b:226:7:226:Infinity:226:21:242:Infinity":14,"b:236:46:236:61:236:61:236:Infinity":15,"b:236:80:236:98:236:98:236:Infinity":16,"b:240:17:240:Infinity:240:31:242:Infinity":17,"b:242:40:242:53:242:53:242:Infinity":18}}}
,"/home/runner/work/dial-smart-system/dial-smart-system/src/components/ui/badge.tsx": {"path":"/home/runner/work/dial-smart-system/dial-smart-system/src/components/ui/badge.tsx","statementMap":{"0":{"start":{"line":6,"column":6},"end":{"line":23,"column":null}},"1":{"start":{"line":31,"column":2},"end":{"line":32,"column":null}}},"fnMap":{"0":{"name":"Badge","decl":{"start":{"line":30,"column":9},"end":{"line":30,"column":15}},"loc":{"start":{"line":30,"column":59},"end":{"line":34,"column":null}},"line":30}},"branchMap":{},"s":{"0":1,"1":18},"f":{"0":18},"b":{},"meta":{"lastBranch":0,"lastFunction":1,"lastStatement":2,"seen":{"s:6:6:23:Infinity":0,"f:30:9:30:15":0,"s:31:2:32:Infinity":1}}}
,"/home/runner/work/dial-smart-system/dial-smart-system/src/components/ui/button.tsx": {"path":"/home/runner/work/dial-smart-system/dial-smart-system/src/components/ui/button.tsx","statementMap":{"0":{"start":{"line":7,"column":6},"end":{"line":33,"column":null}},"1":{"start":{"line":42,"column":15},"end":{"line":52,"column":null}},"2":{"start":{"line":44,"column":17},"end":{"line":44,"column":null}},"3":{"start":{"line":45,"column":4},"end":{"line":49,"column":null}},"4":{"start":{"line":54,"column":0},"end":{"line":54,"column":null}}},"fnMap":{"0":{"name":"(anonymous_0)","decl":{"start":{"line":43,"column":2},"end":{"line":43,"column":3}},"loc":{"start":{"line":43,"column":60},"end":{"line":52,"column":null}},"line":43}},"branchMap":{"0":{"loc":{"start":{"line":43,"column":31},"end":{"line":43,"column":46}},"type":"default-arg","locations":[{"start":{"line":43,"column":41},"end":{"line":43,"column":46}}],"line":43},"1":{"loc":{"start":{"line":44,"column":17},"end":{"line":44,"column":null}},"type":"cond-expr","locations":[{"start":{"line":44,"column":27},"end":{"line":44,"column":34}},{"start":{"line":44,"column":34},"end":{"line":44,"column":null}}],"line":44}},"s":{"0":1,"1":1,"2":18,"3":18,"4":1},"f":{"0":18},"b":{"0":[18],"1":[0,18]},"meta":{"lastBranch":2,"lastFunction":1,"lastStatement":5,"seen":{"s:7:6:33:Infinity":0,"s:42:15:52:Infinity":1,"f:43:2:43:3":0,"b:43:41:43:46":0,"s:44:17:44:Infinity":2,"b:44:27:44:34:44:34:44:Infinity":1,"s:45:4:49:Infinity":3,"s:54:0:54:Infinity":4}}}
,"/home/runner/work/dial-smart-system/dial-smart-system/src/components/ui/card.tsx": {"path":"/home/runner/work/dial-smart-system/dial-smart-system/src/components/ui/card.tsx","statementMap":{"0":{"start":{"line":5,"column":13},"end":{"line":15,"column":null}},"1":{"start":{"line":8,"column":28},"end":{"line":15,"column":null}},"2":{"start":{"line":18,"column":0},"end":{"line":18,"column":null}},"3":{"start":{"line":20,"column":19},"end":{"line":27,"column":null}},"4":{"start":{"line":23,"column":28},"end":{"line":27,"column":null}},"5":{"start":{"line":30,"column":0},"end":{"line":30,"column":null}},"6":{"start":{"line":32,"column":18},"end":{"line":42,"column":null}},"7":{"start":{"line":35,"column":28},"end":{"line":42,"column":null}},"8":{"start":{"line":45,"column":0},"end":{"line":45,"column":null}},"9":{"start":{"line":47,"column":24},"end":{"line":54,"column":null}},"10":{"start":{"line":50,"column":28},"end":{"line":54,"column":null}},"11":{"start":{"line":57,"column":0},"end":{"line":57,"column":null}},"12":{"start":{"line":59,"column":20},"end":{"line":63,"column":null}},"13":{"start":{"line":62,"column":28},"end":{"line":63,"column":null}},"14":{"start":{"line":65,"column":0},"end":{"line":65,"column":null}},"15":{"start":{"line":67,"column":19},"end":{"line":74,"column":null}},"16":{"start":{"line":70,"column":28},"end":{"line":74,"column":null}},"17":{"start":{"line":77,"column":0},"end":{"line":77,"column":null}}},"fnMap":{"0":{"name":"(anonymous_0)","decl":{"start":{"line":8,"column":2},"end":{"line":8,"column":3}},"loc":{"start":{"line":8,"column":28},"end":{"line":15,"column":null}},"line":8},"1":{"name":"(anonymous_1)","decl":{"start":{"line":23,"column":2},"end":{"line":23,"column":3}},"loc":{"start":{"line":23,"column":28},"end":{"line":27,"column":null}},"line":23},"2":{"name":"(anonymous_2)","decl":{"start":{"line":35,"column":2},"end":{"line":35,"column":3}},"loc":{"start":{"line":35,"column":28},"end":{"line":42,"column":null}},"line":35},"3":{"name":"(anonymous_3)","decl":{"start":{"line":50,"column":2},"end":{"line":50,"column":3}},"loc":{"start":{"line":50,"column":28},"end":{"line":54,"column":null}},"line":50},"4":{"name":"(anonymous_4)","decl":{"start":{"line":62,"column":2},"end":{"line":62,"column":3}},"loc":{"start":{"line":62,"column":28},"end":{"line":63,"column":null}},"line":62},"5":{"name":"(anonymous_5)","decl":{"start":{"line":70,"column":2},"end":{"line":70,"column":3}},"loc":{"start":{"line":70,"column":28},"end":{"line":74,"column":null}},"line":70}},"branchMap":{},"s":{"0":2,"1":72,"2":2,"3":2,"4":72,"5":2,"6":2,"7":72,"8":2,"9":2,"10":36,"11":2,"12":2,"13":72,"14":2,"15":2,"16":0,"17":2},"f":{"0":72,"1":72,"2":72,"3":36,"4":72,"5":0},"b":{},"meta":{"lastBranch":0,"lastFunction":6,"lastStatement":18,"seen":{"s:5:13:15:Infinity":0,"f:8:2:8:3":0,"s:8:28:15:Infinity":1,"s:18:0:18:Infinity":2,"s:20:19:27:Infinity":3,"f:23:2:23:3":1,"s:23:28:27:Infinity":4,"s:30:0:30:Infinity":5,"s:32:18:42:Infinity":6,"f:35:2:35:3":2,"s:35:28:42:Infinity":7,"s:45:0:45:Infinity":8,"s:47:24:54:Infinity":9,"f:50:2:50:3":3,"s:50:28:54:Infinity":10,"s:57:0:57:Infinity":11,"s:59:20:63:Infinity":12,"f:62:2:62:3":4,"s:62:28:63:Infinity":13,"s:65:0:65:Infinity":14,"s:67:19:74:Infinity":15,"f:70:2:70:3":5,"s:70:28:74:Infinity":16,"s:77:0:77:Infinity":17}}}
,"/home/runner/work/dial-smart-system/dial-smart-system/src/components/ui/progress.tsx": {"path":"/home/runner/work/dial-smart-system/dial-smart-system/src/components/ui/progress.tsx","statementMap":{"0":{"start":{"line":6,"column":17},"end":{"line":20,"column":null}},"1":{"start":{"line":9,"column":35},"end":{"line":20,"column":null}},"2":{"start":{"line":24,"column":0},"end":{"line":24,"column":null}}},"fnMap":{"0":{"name":"(anonymous_0)","decl":{"start":{"line":9,"column":2},"end":{"line":9,"column":3}},"loc":{"start":{"line":9,"column":35},"end":{"line":20,"column":null}},"line":9}},"branchMap":{"0":{"loc":{"start":{"line":20,"column":48},"end":{"line":20,"column":60}},"type":"binary-expr","locations":[{"start":{"line":20,"column":48},"end":{"line":20,"column":57}},{"start":{"line":20,"column":57},"end":{"line":20,"column":60}}],"line":20}},"s":{"0":1,"1":27,"2":1},"f":{"0":27},"b":{"0":[27,0]},"meta":{"lastBranch":1,"lastFunction":1,"lastStatement":3,"seen":{"s:6:17:20:Infinity":0,"f:9:2:9:3":0,"s:9:35:20:Infinity":1,"b:20:48:20:57:20:57:20:60":0,"s:24:0:24:Infinity":2}}}
,"/home/runner/work/dial-smart-system/dial-smart-system/src/lib/concurrencyUtils.ts": {"path":"/home/runner/work/dial-smart-system/dial-smart-system/src/lib/concurrencyUtils.ts","statementMap":{"0":{"start":{"line":32,"column":25},"end":{"line":32,"column":52}},"1":{"start":{"line":33,"column":22},"end":{"line":33,"column":null}},"2":{"start":{"line":35,"column":24},"end":{"line":35,"column":47}},"3":{"start":{"line":36,"column":2},"end":{"line":40,"column":null}},"4":{"start":{"line":37,"column":4},"end":{"line":37,"column":null}},"5":{"start":{"line":38,"column":9},"end":{"line":40,"column":null}},"6":{"start":{"line":39,"column":4},"end":{"line":39,"column":null}},"7":{"start":{"line":42,"column":2},"end":{"line":48,"column":null}},"8":{"start":{"line":55,"column":23},"end":{"line":55,"column":78}},"9":{"start":{"line":55,"column":47},"end":{"line":55,"column":72}},"10":{"start":{"line":56,"column":27},"end":{"line":56,"column":86}},"11":{"start":{"line":56,"column":51},"end":{"line":56,"column":80}},"12":{"start":{"line":58,"column":20},"end":{"line":58,"column":48}},"13":{"start":{"line":59,"column":24},"end":{"line":59,"column":56}},"14":{"start":{"line":61,"column":35},"end":{"line":66,"column":null}},"15":{"start":{"line":68,"column":39},"end":{"line":74,"column":null}},"16":{"start":{"line":76,"column":2},"end":{"line":76,"column":null}}},"fnMap":{"0":{"name":"computeDialingRate","decl":{"start":{"line":28,"column":16},"end":{"line":28,"column":null}},"loc":{"start":{"line":30,"column":31},"end":{"line":49,"column":null}},"line":30},"1":{"name":"computePlatformCapacities","decl":{"start":{"line":51,"column":16},"end":{"line":51,"column":null}},"loc":{"start":{"line":53,"column":31},"end":{"line":77,"column":null}},"line":53},"2":{"name":"(anonymous_2)","decl":{"start":{"line":55,"column":40},"end":{"line":55,"column":41}},"loc":{"start":{"line":55,"column":47},"end":{"line":55,"column":72}},"line":55},"3":{"name":"(anonymous_3)","decl":{"start":{"line":56,"column":44},"end":{"line":56,"column":45}},"loc":{"start":{"line":56,"column":51},"end":{"line":56,"column":80}},"line":56}},"branchMap":{"0":{"loc":{"start":{"line":33,"column":22},"end":{"line":33,"column":null}},"type":"cond-expr","locations":[{"start":{"line":33,"column":43},"end":{"line":33,"column":81}},{"start":{"line":33,"column":81},"end":{"line":33,"column":null}}],"line":33},"1":{"loc":{"start":{"line":36,"column":2},"end":{"line":40,"column":null}},"type":"if","locations":[{"start":{"line":36,"column":2},"end":{"line":40,"column":null}},{"start":{"line":38,"column":9},"end":{"line":40,"column":null}}],"line":36},"2":{"loc":{"start":{"line":38,"column":9},"end":{"line":40,"column":null}},"type":"if","locations":[{"start":{"line":38,"column":9},"end":{"line":40,"column":null}},{"start":{},"end":{}}],"line":38},"3":{"loc":{"start":{"line":65,"column":21},"end":{"line":65,"column":null}},"type":"cond-expr","locations":[{"start":{"line":65,"column":37},"end":{"line":65,"column":84}},{"start":{"line":65,"column":84},"end":{"line":65,"column":null}}],"line":65},"4":{"loc":{"start":{"line":73,"column":6},"end":{"line":73,"column":null}},"type":"cond-expr","locations":[{"start":{"line":73,"column":26},"end":{"line":73,"column":81}},{"start":{"line":73,"column":81},"end":{"line":73,"column":null}}],"line":73}},"s":{"0":7,"1":7,"2":7,"3":7,"4":3,"5":4,"6":2,"7":7,"8":5,"9":13,"10":5,"11":13,"12":5,"13":5,"14":5,"15":5,"16":5},"f":{"0":7,"1":5,"2":13,"3":13},"b":{"0":[7,0],"1":[3,4],"2":[2,2],"3":[5,0],"4":[5,0]},"meta":{"lastBranch":5,"lastFunction":4,"lastStatement":17,"seen":{"f:28:16:28:Infinity":0,"s:32:25:32:52":0,"s:33:22:33:Infinity":1,"b:33:43:33:81:33:81:33:Infinity":0,"s:35:24:35:47":2,"b:36:2:40:Infinity:38:9:40:Infinity":1,"s:36:2:40:Infinity":3,"s:37:4:37:Infinity":4,"b:38:9:40:Infinity:undefined:undefined:undefined:undefined":2,"s:38:9:40:Infinity":5,"s:39:4:39:Infinity":6,"s:42:2:48:Infinity":7,"f:51:16:51:Infinity":1,"s:55:23:55:78":8,"f:55:40:55:41":2,"s:55:47:55:72":9,"s:56:27:56:86":10,"f:56:44:56:45":3,"s:56:51:56:80":11,"s:58:20:58:48":12,"s:59:24:59:56":13,"s:61:35:66:Infinity":14,"b:65:37:65:84:65:84:65:Infinity":3,"s:68:39:74:Infinity":15,"b:73:26:73:81:73:81:73:Infinity":4,"s:76:2:76:Infinity":16}}}
,"/home/runner/work/dial-smart-system/dial-smart-system/src/lib/edgeFunctionUtils.ts": {"path":"/home/runner/work/dial-smart-system/dial-smart-system/src/lib/edgeFunctionUtils.ts","statementMap":{"0":{"start":{"line":9,"column":2},"end":{"line":22,"column":null}},"1":{"start":{"line":10,"column":4},"end":{"line":21,"column":null}},"2":{"start":{"line":11,"column":24},"end":{"line":11,"column":null}},"3":{"start":{"line":12,"column":6},"end":{"line":14,"column":null}},"4":{"start":{"line":13,"column":8},"end":{"line":13,"column":null}},"5":{"start":{"line":15,"column":6},"end":{"line":17,"column":null}},"6":{"start":{"line":16,"column":8},"end":{"line":16,"column":null}},"7":{"start":{"line":20,"column":6},"end":{"line":20,"column":null}},"8":{"start":{"line":25,"column":2},"end":{"line":32,"column":null}},"9":{"start":{"line":26,"column":20},"end":{"line":26,"column":58}},"10":{"start":{"line":28,"column":4},"end":{"line":30,"column":null}},"11":{"start":{"line":29,"column":6},"end":{"line":29,"column":null}},"12":{"start":{"line":31,"column":4},"end":{"line":31,"column":null}},"13":{"start":{"line":34,"column":2},"end":{"line":34,"column":null}},"14":{"start":{"line":46,"column":2},"end":{"line":63,"column":null}},"15":{"start":{"line":47,"column":28},"end":{"line":47,"column":null}},"16":{"start":{"line":49,"column":4},"end":{"line":52,"column":null}},"17":{"start":{"line":50,"column":27},"end":{"line":50,"column":null}},"18":{"start":{"line":51,"column":6},"end":{"line":51,"column":null}},"19":{"start":{"line":55,"column":4},"end":{"line":57,"column":null}},"20":{"start":{"line":56,"column":6},"end":{"line":56,"column":null}},"21":{"start":{"line":59,"column":4},"end":{"line":59,"column":null}},"22":{"start":{"line":61,"column":25},"end":{"line":61,"column":null}},"23":{"start":{"line":62,"column":4},"end":{"line":62,"column":null}},"24":{"start":{"line":73,"column":2},"end":{"line":77,"column":null}},"25":{"start":{"line":74,"column":4},"end":{"line":76,"column":null}},"26":{"start":{"line":75,"column":6},"end":{"line":75,"column":null}},"27":{"start":{"line":78,"column":2},"end":{"line":78,"column":null}}},"fnMap":{"0":{"name":"extractEdgeFunctionError","decl":{"start":{"line":7,"column":22},"end":{"line":7,"column":47}},"loc":{"start":{"line":7,"column":61},"end":{"line":35,"column":null}},"line":7},"1":{"name":"safeEdgeFunctionInvoke","decl":{"start":{"line":41,"column":22},"end":{"line":41,"column":null}},"loc":{"start":{"line":44,"column":31},"end":{"line":64,"column":null}},"line":44},"2":{"name":"validateRequiredParams","decl":{"start":{"line":69,"column":16},"end":{"line":69,"column":null}},"loc":{"start":{"line":71,"column":20},"end":{"line":79,"column":null}},"line":71}},"branchMap":{"0":{"loc":{"start":{"line":9,"column":2},"end":{"line":22,"column":null}},"type":"if","locations":[{"start":{"line":9,"column":2},"end":{"line":22,"column":null}},{"start":{},"end":{}}],"line":9},"1":{"loc":{"start":{"line":12,"column":6},"end":{"line":14,"column":null}},"type":"if","locations":[{"start":{"line":12,"column":6},"end":{"line":14,"column":null}},{"start":{},"end":{}}],"line":12},"2":{"loc":{"start":{"line":15,"column":6},"end":{"line":17,"column":null}},"type":"if","locations":[{"start":{"line":15,"column":6},"end":{"line":17,"column":null}},{"start":{},"end":{}}],"line":15},"3":{"loc":{"start":{"line":25,"column":2},"end":{"line":32,"column":null}},"type":"if","locations":[{"start":{"line":25,"column":2},"end":{"line":32,"column":null}},{"start":{},"end":{}}],"line":25},"4":{"loc":{"start":{"line":25,"column":6},"end":{"line":25,"column":64}},"type":"binary-expr","locations":[{"start":{"line":25,"column":6},"end":{"line":25,"column":15}},{"start":{"line":25,"column":15},"end":{"line":25,"column":44}},{"start":{"line":25,"column":44},"end":{"line":25,"column":64}}],"line":25},"5":{"loc":{"start":{"line":28,"column":4},"end":{"line":30,"column":null}},"type":"if","locations":[{"start":{"line":28,"column":4},"end":{"line":30,"column":null}},{"start":{},"end":{}}],"line":28},"6":{"loc":{"start":{"line":49,"column":4},"end":{"line":52,"column":null}},"type":"if","locations":[{"start":{"line":49,"column":4},"end":{"line":52,"column":null}},{"start":{},"end":{}}],"line":49},"7":{"loc":{"start":{"line":55,"column":4},"end":{"line":57,"column":null}},"type":"if","locations":[{"start":{"line":55,"column":4},"end":{"line":57,"column":null}},{"start":{},"end":{}}],"line":55},"8":{"loc":{"start":{"line":55,"column":8},"end":{"line":55,"column":61}},"type":"binary-expr","locations":[{"start":{"line":55,"column":8},"end":{"line":55,"column":16}},{"start":{"line":55,"column":16},"end":{"line":55,"column":44}},{"start":{"line":55,"column":44},"end":{"line":55,"column":61}}],"line":55},"9":{"loc":{"start":{"line":74,"column":4},"end":{"line":76,"column":null}},"type":"if","locations":[{"start":{"line":74,"column":4},"end":{"line":76,"column":null}},{"start":{},"end":{}}],"line":74}},"s":{"0":6,"1":0,"2":0,"3":0,"4":0,"5":0,"6":0,"7":0,"8":6,"9":4,"10":4,"11":1,"12":3,"13":2,"14":0,"15":0,"16":0,"17":0,"18":0,"19":0,"20":0,"21":0,"22":0,"23":0,"24":6,"25":8,"26":4,"27":2},"f":{"0":6,"1":0,"2":6},"b":{"0":[0,6],"1":[0,0],"2":[0,0],"3":[4,2],"4":[6,5,5],"5":[1,3],"6":[0,0],"7":[0,0],"8":[0,0,0],"9":[4,4]},"meta":{"lastBranch":10,"lastFunction":3,"lastStatement":28,"seen":{"f:7:22:7:47":0,"b:9:2:22:Infinity:undefined:undefined:undefined:undefined":0,"s:9:2:22:Infinity":0,"s:10:4:21:Infinity":1,"s:11:24:11:Infinity":2,"b:12:6:14:Infinity:undefined:undefined:undefined:undefined":1,"s:12:6:14:Infinity":3,"s:13:8:13:Infinity":4,"b:15:6:17:Infinity:undefined:undefined:undefined:undefined":2,"s:15:6:17:Infinity":5,"s:16:8:16:Infinity":6,"s:20:6:20:Infinity":7,"b:25:2:32:Infinity:undefined:undefined:undefined:undefined":3,"s:25:2:32:Infinity":8,"b:25:6:25:15:25:15:25:44:25:44:25:64":4,"s:26:20:26:58":9,"b:28:4:30:Infinity:undefined:undefined:undefined:undefined":5,"s:28:4:30:Infinity":10,"s:29:6:29:Infinity":11,"s:31:4:31:Infinity":12,"s:34:2:34:Infinity":13,"f:41:22:41:Infinity":1,"s:46:2:63:Infinity":14,"s:47:28:47:Infinity":15,"b:49:4:52:Infinity:undefined:undefined:undefined:undefined":6,"s:49:4:52:Infinity":16,"s:50:27:50:Infinity":17,"s:51:6:51:Infinity":18,"b:55:4:57:Infinity:undefined:undefined:undefined:undefined":7,"s:55:4:57:Infinity":19,"b:55:8:55:16:55:16:55:44:55:44:55:61":8,"s:56:6:56:Infinity":20,"s:59:4:59:Infinity":21,"s:61:25:61:Infinity":22,"s:62:4:62:Infinity":23,"f:69:16:69:Infinity":2,"s:73:2:77:Infinity":24,"b:74:4:76:Infinity:undefined:undefined:undefined:undefined":9,"s:74:4:76:Infinity":25,"s:75:6:75:Infinity":26,"s:78:2:78:Infinity":27}}}
,"/home/runner/work/dial-smart-system/dial-smart-system/src/lib/logger.ts": {"path":"/home/runner/work/dial-smart-system/dial-smart-system/src/lib/logger.ts","statementMap":{"0":{"start":{"line":10,"column":12},"end":{"line":10,"column":null}},"1":{"start":{"line":31,"column":4},"end":{"line":31,"column":null}},"2":{"start":{"line":38,"column":4},"end":{"line":38,"column":null}},"3":{"start":{"line":45,"column":22},"end":{"line":45,"column":null}},"4":{"start":{"line":46,"column":24},"end":{"line":46,"column":null}},"5":{"start":{"line":47,"column":23},"end":{"line":47,"column":null}},"6":{"start":{"line":49,"column":4},"end":{"line":49,"column":null}},"7":{"start":{"line":56,"column":4},"end":{"line":58,"column":null}},"8":{"start":{"line":57,"column":6},"end":{"line":57,"column":null}},"9":{"start":{"line":60,"column":4},"end":{"line":60,"column":null}},"10":{"start":{"line":67,"column":4},"end":{"line":67,"column":null}},"11":{"start":{"line":68,"column":4},"end":{"line":68,"column":null}},"12":{"start":{"line":75,"column":4},"end":{"line":75,"column":null}},"13":{"start":{"line":76,"column":4},"end":{"line":76,"column":null}},"14":{"start":{"line":79,"column":4},"end":{"line":81,"column":null}},"15":{"start":{"line":80,"column":6},"end":{"line":80,"column":null}},"16":{"start":{"line":88,"column":4},"end":{"line":88,"column":null}},"17":{"start":{"line":89,"column":4},"end":{"line":89,"column":null}},"18":{"start":{"line":92,"column":4},"end":{"line":96,"column":null}},"19":{"start":{"line":93,"column":6},"end":{"line":93,"column":null}},"20":{"start":{"line":95,"column":6},"end":{"line":95,"column":null}},"21":{"start":{"line":103,"column":4},"end":{"line":103,"column":null}},"22":{"start":{"line":110,"column":32},"end":{"line":115,"column":null}},"23":{"start":{"line":117,"column":4},"end":{"line":121,"column":null}},"24":{"start":{"line":118,"column":6},"end":{"line":118,"column":null}},"25":{"start":{"line":120,"column":6},"end":{"line":120,"column":null}},"26":{"start":{"line":128,"column":4},"end":{"line":132,"column":null}},"27":{"start":{"line":139,"column":4},"end":{"line":139,"column":null}},"28":{"start":{"line":146,"column":4},"end":{"line":146,"column":null}},"29":{"start":{"line":153,"column":4},"end":{"line":153,"column":null}},"30":{"start":{"line":25,"column":2},"end":{"line":25,"column":null}},"31":{"start":{"line":158,"column":22},"end":{"line":158,"column":null}},"32":{"start":{"line":163,"column":28},"end":{"line":167,"column":null}},"33":{"start":{"line":164,"column":24},"end":{"line":164,"column":null}},"34":{"start":{"line":165,"column":2},"end":{"line":165,"column":null}},"35":{"start":{"line":166,"column":2},"end":{"line":166,"column":null}}},"fnMap":{"0":{"name":"_define_property","decl":{"start":{"line":6,"column":1},"end":{"line":6,"column":null}},"loc":{"start":{"line":6,"column":1},"end":{"line":6,"column":null}},"line":6},"1":{"name":"(anonymous_1)","decl":{"start":{"line":10,"column":12},"end":{"line":10,"column":null}},"loc":{"start":{"line":10,"column":12},"end":{"line":10,"column":null}},"line":10},"2":{"name":"(anonymous_2)","decl":{"start":{"line":30,"column":2},"end":{"line":30,"column":13}},"loc":{"start":{"line":30,"column":34},"end":{"line":32,"column":null}},"line":30},"3":{"name":"(anonymous_3)","decl":{"start":{"line":37,"column":2},"end":{"line":37,"column":17}},"loc":{"start":{"line":37,"column":17},"end":{"line":39,"column":null}},"line":37},"4":{"name":"(anonymous_4)","decl":{"start":{"line":44,"column":2},"end":{"line":44,"column":10}},"loc":{"start":{"line":44,"column":88},"end":{"line":50,"column":null}},"line":44},"5":{"name":"(anonymous_5)","decl":{"start":{"line":55,"column":2},"end":{"line":55,"column":8}},"loc":{"start":{"line":55,"column":47},"end":{"line":61,"column":null}},"line":55},"6":{"name":"(anonymous_6)","decl":{"start":{"line":66,"column":2},"end":{"line":66,"column":7}},"loc":{"start":{"line":66,"column":46},"end":{"line":69,"column":null}},"line":66},"7":{"name":"(anonymous_7)","decl":{"start":{"line":74,"column":2},"end":{"line":74,"column":7}},"loc":{"start":{"line":74,"column":46},"end":{"line":82,"column":null}},"line":74},"8":{"name":"(anonymous_8)","decl":{"start":{"line":87,"column":2},"end":{"line":87,"column":8}},"loc":{"start":{"line":87,"column":62},"end":{"line":97,"column":null}},"line":87},"9":{"name":"(anonymous_9)","decl":{"start":{"line":102,"column":2},"end":{"line":102,"column":16}},"loc":{"start":{"line":102,"column":54},"end":{"line":104,"column":null}},"line":102},"10":{"name":"(anonymous_10)","decl":{"start":{"line":109,"column":2},"end":{"line":109,"column":13}},"loc":{"start":{"line":109,"column":82},"end":{"line":122,"column":null}},"line":109},"11":{"name":"(anonymous_11)","decl":{"start":{"line":127,"column":2},"end":{"line":127,"column":13}},"loc":{"start":{"line":127,"column":66},"end":{"line":133,"column":null}},"line":127},"12":{"name":"(anonymous_12)","decl":{"start":{"line":138,"column":2},"end":{"line":138,"column":10}},"loc":{"start":{"line":138,"column":76},"end":{"line":140,"column":null}},"line":138},"13":{"name":"(anonymous_13)","decl":{"start":{"line":145,"column":2},"end":{"line":145,"column":16}},"loc":{"start":{"line":145,"column":42},"end":{"line":147,"column":null}},"line":145},"14":{"name":"(anonymous_14)","decl":{"start":{"line":152,"column":2},"end":{"line":152,"column":18}},"loc":{"start":{"line":152,"column":51},"end":{"line":154,"column":null}},"line":152},"15":{"name":"(anonymous_15)","decl":{"start":{"line":163,"column":28},"end":{"line":163,"column":29}},"loc":{"start":{"line":163,"column":29},"end":{"line":167,"column":null}},"line":163}},"branchMap":{"0":{"loc":{"start":{"line":47,"column":23},"end":{"line":47,"column":null}},"type":"cond-expr","locations":[{"start":{"line":47,"column":61},"end":{"line":47,"column":91}},{"start":{"line":47,"column":91},"end":{"line":47,"column":null}}],"line":47},"1":{"loc":{"start":{"line":56,"column":4},"end":{"line":58,"column":null}},"type":"if","locations":[{"start":{"line":56,"column":4},"end":{"line":58,"column":null}},{"start":{},"end":{}}],"line":56},"2":{"loc":{"start":{"line":79,"column":4},"end":{"line":81,"column":null}},"type":"if","locations":[{"start":{"line":79,"column":4},"end":{"line":81,"column":null}},{"start":{},"end":{}}],"line":79},"3":{"loc":{"start":{"line":92,"column":4},"end":{"line":96,"column":null}},"type":"if","locations":[{"start":{"line":92,"column":4},"end":{"line":96,"column":null}},{"start":{"line":94,"column":11},"end":{"line":96,"column":null}}],"line":92},"4":{"loc":{"start":{"line":114,"column":16},"end":{"line":114,"column":null}},"type":"cond-expr","locations":[{"start":{"line":114,"column":27},"end":{"line":114,"column":42}},{"start":{"line":114,"column":45},"end":{"line":114,"column":null}}],"line":114},"5":{"loc":{"start":{"line":117,"column":4},"end":{"line":121,"column":null}},"type":"if","locations":[{"start":{"line":117,"column":4},"end":{"line":121,"column":null}},{"start":{"line":119,"column":11},"end":{"line":121,"column":null}}],"line":117},"6":{"loc":{"start":{"line":131,"column":16},"end":{"line":131,"column":null}},"type":"cond-expr","locations":[{"start":{"line":131,"column":27},"end":{"line":131,"column":42}},{"start":{"line":131,"column":45},"end":{"line":131,"column":null}}],"line":131}},"s":{"0":1,"1":3,"2":16,"3":15,"4":15,"5":15,"6":15,"7":3,"8":3,"9":3,"10":8,"11":8,"12":2,"13":2,"14":2,"15":0,"16":2,"17":2,"18":2,"19":1,"20":1,"21":1,"22":2,"23":2,"24":1,"25":1,"26":0,"27":1,"28":1,"29":1,"30":2,"31":1,"32":1,"33":1,"34":1,"35":1},"f":{"0":2,"1":1,"2":3,"3":16,"4":15,"5":3,"6":8,"7":2,"8":2,"9":1,"10":2,"11":0,"12":1,"13":1,"14":1,"15":1},"b":{"0":[10,5],"1":[3,0],"2":[0,2],"3":[1,1],"4":[2,0],"5":[1,1],"6":[0,0]},"meta":{"lastBranch":7,"lastFunction":16,"lastStatement":36,"seen":{"f:6:1:6:Infinity":0,"s:10:12:10:Infinity":0,"f:10:12:10:Infinity":1,"f:30:2:30:13":2,"s:31:4:31:Infinity":1,"f:37:2:37:17":3,"s:38:4:38:Infinity":2,"f:44:2:44:10":4,"s:45:22:45:Infinity":3,"s:46:24:46:Infinity":4,"s:47:23:47:Infinity":5,"b:47:61:47:91:47:91:47:Infinity":0,"s:49:4:49:Infinity":6,"f:55:2:55:8":5,"b:56:4:58:Infinity:undefined:undefined:undefined:undefined":1,"s:56:4:58:Infinity":7,"s:57:6:57:Infinity":8,"s:60:4:60:Infinity":9,"f:66:2:66:7":6,"s:67:4:67:Infinity":10,"s:68:4:68:Infinity":11,"f:74:2:74:7":7,"s:75:4:75:Infinity":12,"s:76:4:76:Infinity":13,"b:79:4:81:Infinity:undefined:undefined:undefined:undefined":2,"s:79:4:81:Infinity":14,"s:80:6:80:Infinity":15,"f:87:2:87:8":8,"s:88:4:88:Infinity":16,"s:89:4:89:Infinity":17,"b:92:4:96:Infinity:94:11:96:Infinity":3,"s:92:4:96:Infinity":18,"s:93:6:93:Infinity":19,"s:95:6:95:Infinity":20,"f:102:2:102:16":9,"s:103:4:103:Infinity":21,"f:109:2:109:13":10,"s:110:32:115:Infinity":22,"b:114:27:114:42:114:45:114:Infinity":4,"b:117:4:121:Infinity:119:11:121:Infinity":5,"s:117:4:121:Infinity":23,"s:118:6:118:Infinity":24,"s:120:6:120:Infinity":25,"f:127:2:127:13":11,"s:128:4:132:Infinity":26,"b:131:27:131:42:131:45:131:Infinity":6,"f:138:2:138:10":12,"s:139:4:139:Infinity":27,"f:145:2:145:16":13,"s:146:4:146:Infinity":28,"f:152:2:152:18":14,"s:153:4:153:Infinity":29,"s:25:2:25:Infinity":30,"s:158:22:158:Infinity":31,"s:163:28:167:Infinity":32,"f:163:28:163:29":15,"s:164:24:164:Infinity":33,"s:165:2:165:Infinity":34,"s:166:2:166:Infinity":35}}}
,"/home/runner/work/dial-smart-system/dial-smart-system/src/lib/performance.ts": {"path":"/home/runner/work/dial-smart-system/dial-smart-system/src/lib/performance.ts","statementMap":{"0":{"start":{"line":13,"column":29},"end":{"line":39,"column":null}},"1":{"start":{"line":14,"column":2},"end":{"line":38,"column":null}},"2":{"start":{"line":18,"column":4},"end":{"line":37,"column":null}},"3":{"start":{"line":19,"column":23},"end":{"line":19,"column":75}},"4":{"start":{"line":21,"column":6},"end":{"line":36,"column":null}},"5":{"start":{"line":22,"column":24},"end":{"line":28,"column":null}},"6":{"start":{"line":30,"column":8},"end":{"line":30,"column":null}},"7":{"start":{"line":33,"column":8},"end":{"line":35,"column":null}},"8":{"start":{"line":34,"column":10},"end":{"line":34,"column":null}},"9":{"start":{"line":44,"column":28},"end":{"line":84,"column":null}},"10":{"start":{"line":48,"column":20},"end":{"line":48,"column":null}},"11":{"start":{"line":50,"column":2},"end":{"line":83,"column":null}},"12":{"start":{"line":51,"column":19},"end":{"line":56,"column":null}},"13":{"start":{"line":55,"column":6},"end":{"line":55,"column":null}},"14":{"start":{"line":58,"column":21},"end":{"line":58,"column":null}},"15":{"start":{"line":60,"column":4},"end":{"line":63,"column":null}},"16":{"start":{"line":66,"column":4},"end":{"line":70,"column":null}},"17":{"start":{"line":67,"column":6},"end":{"line":69,"column":null}},"18":{"start":{"line":72,"column":4},"end":{"line":72,"column":null}},"19":{"start":{"line":74,"column":21},"end":{"line":74,"column":null}},"20":{"start":{"line":76,"column":4},"end":{"line":80,"column":null}},"21":{"start":{"line":82,"column":4},"end":{"line":82,"column":null}},"22":{"start":{"line":89,"column":32},"end":{"line":99,"column":null}},"23":{"start":{"line":90,"column":2},"end":{"line":93,"column":null}},"24":{"start":{"line":96,"column":2},"end":{"line":98,"column":null}},"25":{"start":{"line":97,"column":4},"end":{"line":97,"column":null}},"26":{"start":{"line":104,"column":38},"end":{"line":114,"column":null}},"27":{"start":{"line":105,"column":20},"end":{"line":105,"column":null}},"28":{"start":{"line":107,"column":2},"end":{"line":113,"column":null}},"29":{"start":{"line":108,"column":23},"end":{"line":108,"column":null}},"30":{"start":{"line":110,"column":4},"end":{"line":112,"column":null}},"31":{"start":{"line":111,"column":6},"end":{"line":111,"column":null}},"32":{"start":{"line":119,"column":30},"end":{"line":180,"column":null}},"33":{"start":{"line":121,"column":22},"end":{"line":127,"column":null}},"34":{"start":{"line":122,"column":4},"end":{"line":126,"column":null}},"35":{"start":{"line":123,"column":6},"end":{"line":125,"column":null}},"36":{"start":{"line":124,"column":8},"end":{"line":124,"column":null}},"37":{"start":{"line":129,"column":2},"end":{"line":133,"column":null}},"38":{"start":{"line":130,"column":4},"end":{"line":130,"column":null}},"39":{"start":{"line":132,"column":4},"end":{"line":132,"column":null}},"40":{"start":{"line":136,"column":22},"end":{"line":140,"column":null}},"41":{"start":{"line":137,"column":20},"end":{"line":137,"column":null}},"42":{"start":{"line":138,"column":22},"end":{"line":138,"column":49}},"43":{"start":{"line":139,"column":4},"end":{"line":139,"column":null}},"44":{"start":{"line":142,"column":2},"end":{"line":146,"column":null}},"45":{"start":{"line":143,"column":4},"end":{"line":143,"column":null}},"46":{"start":{"line":145,"column":4},"end":{"line":145,"column":null}},"47":{"start":{"line":149,"column":22},"end":{"line":155,"column":null}},"48":{"start":{"line":150,"column":4},"end":{"line":154,"column":null}},"49":{"start":{"line":151,"column":23},"end":{"line":151,"column":null}},"50":{"start":{"line":152,"column":18},"end":{"line":152,"column":63}},"51":{"start":{"line":153,"column":6},"end":{"line":153,"column":null}},"52":{"start":{"line":157,"column":2},"end":{"line":161,"column":null}},"53":{"start":{"line":158,"column":4},"end":{"line":158,"column":null}},"54":{"start":{"line":160,"column":4},"end":{"line":160,"column":null}},"55":{"start":{"line":164,"column":17},"end":{"line":164,"column":null}},"56":{"start":{"line":165,"column":22},"end":{"line":173,"column":null}},"57":{"start":{"line":166,"column":4},"end":{"line":171,"column":null}},"58":{"start":{"line":167,"column":31},"end":{"line":167,"column":null}},"59":{"start":{"line":168,"column":6},"end":{"line":170,"column":null}},"60":{"start":{"line":169,"column":8},"end":{"line":169,"column":null}},"61":{"start":{"line":172,"column":4},"end":{"line":172,"column":null}},"62":{"start":{"line":175,"column":2},"end":{"line":179,"column":null}},"63":{"start":{"line":176,"column":4},"end":{"line":176,"column":null}},"64":{"start":{"line":178,"column":4},"end":{"line":178,"column":null}},"65":{"start":{"line":185,"column":32},"end":{"line":200,"column":null}},"66":{"start":{"line":186,"column":2},"end":{"line":199,"column":null}},"67":{"start":{"line":187,"column":19},"end":{"line":187,"column":46}},"68":{"start":{"line":188,"column":25},"end":{"line":188,"column":null}},"69":{"start":{"line":190,"column":4},"end":{"line":190,"column":null}},"70":{"start":{"line":192,"column":4},"end":{"line":198,"column":null}},"71":{"start":{"line":193,"column":6},"end":{"line":197,"column":null}},"72":{"start":{"line":205,"column":41},"end":{"line":217,"column":null}},"73":{"start":{"line":206,"column":2},"end":{"line":206,"column":null}},"74":{"start":{"line":206,"column":37},"end":{"line":206,"column":null}},"75":{"start":{"line":209,"column":2},"end":{"line":209,"column":null}},"76":{"start":{"line":212,"column":2},"end":{"line":214,"column":null}},"77":{"start":{"line":213,"column":4},"end":{"line":213,"column":null}},"78":{"start":{"line":216,"column":2},"end":{"line":216,"column":null}}},"fnMap":{"0":{"name":"(anonymous_0)","decl":{"start":{"line":13,"column":29},"end":{"line":13,"column":30}},"loc":{"start":{"line":13,"column":30},"end":{"line":39,"column":null}},"line":13},"1":{"name":"(anonymous_1)","decl":{"start":{"line":17,"column":5},"end":{"line":17,"column":null}},"loc":{"start":{"line":17,"column":5},"end":{"line":38,"column":null}},"line":17},"2":{"name":"(anonymous_2)","decl":{"start":{"line":44,"column":28},"end":{"line":44,"column":null}},"loc":{"start":{"line":46,"column":2},"end":{"line":84,"column":null}},"line":46},"3":{"name":"(anonymous_3)","decl":{"start":{"line":54,"column":7},"end":{"line":54,"column":null}},"loc":{"start":{"line":54,"column":7},"end":{"line":56,"column":null}},"line":54},"4":{"name":"(anonymous_4)","decl":{"start":{"line":89,"column":32},"end":{"line":89,"column":33}},"loc":{"start":{"line":89,"column":87},"end":{"line":99,"column":null}},"line":89},"5":{"name":"(anonymous_5)","decl":{"start":{"line":104,"column":38},"end":{"line":104,"column":39}},"loc":{"start":{"line":104,"column":39},"end":{"line":114,"column":null}},"line":104},"6":{"name":"(anonymous_6)","decl":{"start":{"line":107,"column":9},"end":{"line":107,"column":null}},"loc":{"start":{"line":107,"column":9},"end":{"line":113,"column":null}},"line":107},"7":{"name":"(anonymous_7)","decl":{"start":{"line":119,"column":30},"end":{"line":119,"column":null}},"loc":{"start":{"line":119,"column":30},"end":{"line":180,"column":null}},"line":119},"8":{"name":"(anonymous_8)","decl":{"start":{"line":121,"column":46},"end":{"line":121,"column":47}},"loc":{"start":{"line":121,"column":47},"end":{"line":127,"column":null}},"line":121},"9":{"name":"(anonymous_9)","decl":{"start":{"line":136,"column":46},"end":{"line":136,"column":47}},"loc":{"start":{"line":136,"column":47},"end":{"line":140,"column":null}},"line":136},"10":{"name":"(anonymous_10)","decl":{"start":{"line":149,"column":46},"end":{"line":149,"column":47}},"loc":{"start":{"line":149,"column":47},"end":{"line":155,"column":null}},"line":149},"11":{"name":"(anonymous_11)","decl":{"start":{"line":165,"column":46},"end":{"line":165,"column":47}},"loc":{"start":{"line":165,"column":47},"end":{"line":173,"column":null}},"line":165},"12":{"name":"(anonymous_12)","decl":{"start":{"line":185,"column":32},"end":{"line":185,"column":null}},"loc":{"start":{"line":185,"column":32},"end":{"line":200,"column":null}},"line":185},"13":{"name":"(anonymous_13)","decl":{"start":{"line":205,"column":41},"end":{"line":205,"column":null}},"loc":{"start":{"line":205,"column":41},"end":{"line":217,"column":null}},"line":205},"14":{"name":"(anonymous_14)","decl":{"start":{"line":212,"column":14},"end":{"line":212,"column":null}},"loc":{"start":{"line":212,"column":14},"end":{"line":214,"column":5}},"line":212}},"branchMap":{"0":{"loc":{"start":{"line":18,"column":4},"end":{"line":37,"column":null}},"type":"if","locations":[{"start":{"line":18,"column":4},"end":{"line":37,"column":null}},{"start":{},"end":{}}],"line":18},"1":{"loc":{"start":{"line":21,"column":6},"end":{"line":36,"column":null}},"type":"if","locations":[{"start":{"line":21,"column":6},"end":{"line":36,"column":null}},{"start":{},"end":{}}],"line":21},"2":{"loc":{"start":{"line":33,"column":8},"end":{"line":35,"column":null}},"type":"if","locations":[{"start":{"line":33,"column":8},"end":{"line":35,"column":null}},{"start":{},"end":{}}],"line":33},"3":{"loc":{"start":{"line":66,"column":4},"end":{"line":70,"column":null}},"type":"if","locations":[{"start":{"line":66,"column":4},"end":{"line":70,"column":null}},{"start":{},"end":{}}],"line":66},"4":{"loc":{"start":{"line":79,"column":13},"end":{"line":79,"column":null}},"type":"cond-expr","locations":[{"start":{"line":79,"column":38},"end":{"line":79,"column":51}},{"start":{"line":79,"column":54},"end":{"line":79,"column":null}}],"line":79},"5":{"loc":{"start":{"line":89,"column":68},"end":{"line":89,"column":87}},"type":"default-arg","locations":[{"start":{"line":89,"column":83},"end":{"line":89,"column":87}}],"line":89},"6":{"loc":{"start":{"line":96,"column":2},"end":{"line":98,"column":null}},"type":"if","locations":[{"start":{"line":96,"column":2},"end":{"line":98,"column":null}},{"start":{},"end":{}}],"line":96},"7":{"loc":{"start":{"line":110,"column":4},"end":{"line":112,"column":null}},"type":"if","locations":[{"start":{"line":110,"column":4},"end":{"line":112,"column":null}},{"start":{},"end":{}}],"line":110},"8":{"loc":{"start":{"line":123,"column":6},"end":{"line":125,"column":null}},"type":"if","locations":[{"start":{"line":123,"column":6},"end":{"line":125,"column":null}},{"start":{},"end":{}}],"line":123},"9":{"loc":{"start":{"line":168,"column":6},"end":{"line":170,"column":null}},"type":"if","locations":[{"start":{"line":168,"column":6},"end":{"line":170,"column":null}},{"start":{},"end":{}}],"line":168},"10":{"loc":{"start":{"line":186,"column":2},"end":{"line":199,"column":null}},"type":"if","locations":[{"start":{"line":186,"column":2},"end":{"line":199,"column":null}},{"start":{},"end":{}}],"line":186},"11":{"loc":{"start":{"line":192,"column":4},"end":{"line":198,"column":null}},"type":"if","locations":[{"start":{"line":192,"column":4},"end":{"line":198,"column":null}},{"start":{},"end":{}}],"line":192},"12":{"loc":{"start":{"line":206,"column":2},"end":{"line":206,"column":null}},"type":"if","locations":[{"start":{"line":206,"column":2},"end":{"line":206,"column":null}},{"start":{},"end":{}}],"line":206}},"s":{"0":1,"1":0,"2":0,"3":0,"4":0,"5":0,"6":0,"7":0,"8":0,"9":1,"10":4,"11":4,"12":4,"13":4,"14":3,"15":3,"16":3,"17":0,"18":3,"19":1,"20":1,"21":1,"22":1,"23":2,"24":2,"25":2,"26":1,"27":0,"28":0,"29":0,"30":0,"31":0,"32":1,"33":0,"34":0,"35":0,"36":0,"37":0,"38":0,"39":0,"40":0,"41":0,"42":0,"43":0,"44":0,"45":0,"46":0,"47":0,"48":0,"49":0,"50":0,"51":0,"52":0,"53":0,"54":0,"55":0,"56":0,"57":0,"58":0,"59":0,"60":0,"61":0,"62":0,"63":0,"64":0,"65":1,"66":0,"67":0,"68":0,"69":0,"70":0,"71":0,"72":1,"73":0,"74":0,"75":0,"76":0,"77":0,"78":0},"f":{"0":0,"1":0,"2":4,"3":4,"4":2,"5":0,"6":0,"7":0,"8":0,"9":0,"10":0,"11":0,"12":0,"13":0,"14":0},"b":{"0":[0,0],"1":[0,0],"2":[0,0],"3":[0,3],"4":[1,0],"5":[2],"6":[2,0],"7":[0,0],"8":[0,0],"9":[0,0],"10":[0,0],"11":[0,0],"12":[0,0]},"meta":{"lastBranch":13,"lastFunction":15,"lastStatement":79,"seen":{"s:13:29:39:Infinity":0,"f:13:29:13:30":0,"s:14:2:38:Infinity":1,"f:17:5:17:Infinity":1,"b:18:4:37:Infinity:undefined:undefined:undefined:undefined":0,"s:18:4:37:Infinity":2,"s:19:23:19:75":3,"b:21:6:36:Infinity:undefined:undefined:undefined:undefined":1,"s:21:6:36:Infinity":4,"s:22:24:28:Infinity":5,"s:30:8:30:Infinity":6,"b:33:8:35:Infinity:undefined:undefined:undefined:undefined":2,"s:33:8:35:Infinity":7,"s:34:10:34:Infinity":8,"s:44:28:84:Infinity":9,"f:44:28:44:Infinity":2,"s:48:20:48:Infinity":10,"s:50:2:83:Infinity":11,"s:51:19:56:Infinity":12,"f:54:7:54:Infinity":3,"s:55:6:55:Infinity":13,"s:58:21:58:Infinity":14,"s:60:4:63:Infinity":15,"b:66:4:70:Infinity:undefined:undefined:undefined:undefined":3,"s:66:4:70:Infinity":16,"s:67:6:69:Infinity":17,"s:72:4:72:Infinity":18,"s:74:21:74:Infinity":19,"s:76:4:80:Infinity":20,"b:79:38:79:51:79:54:79:Infinity":4,"s:82:4:82:Infinity":21,"s:89:32:99:Infinity":22,"f:89:32:89:33":4,"b:89:83:89:87":5,"s:90:2:93:Infinity":23,"b:96:2:98:Infinity:undefined:undefined:undefined:undefined":6,"s:96:2:98:Infinity":24,"s:97:4:97:Infinity":25,"s:104:38:114:Infinity":26,"f:104:38:104:39":5,"s:105:20:105:Infinity":27,"s:107:2:113:Infinity":28,"f:107:9:107:Infinity":6,"s:108:23:108:Infinity":29,"b:110:4:112:Infinity:undefined:undefined:undefined:undefined":7,"s:110:4:112:Infinity":30,"s:111:6:111:Infinity":31,"s:119:30:180:Infinity":32,"f:119:30:119:Infinity":7,"s:121:22:127:Infinity":33,"f:121:46:121:47":8,"s:122:4:126:Infinity":34,"b:123:6:125:Infinity:undefined:undefined:undefined:undefined":8,"s:123:6:125:Infinity":35,"s:124:8:124:Infinity":36,"s:129:2:133:Infinity":37,"s:130:4:130:Infinity":38,"s:132:4:132:Infinity":39,"s:136:22:140:Infinity":40,"f:136:46:136:47":9,"s:137:20:137:Infinity":41,"s:138:22:138:49":42,"s:139:4:139:Infinity":43,"s:142:2:146:Infinity":44,"s:143:4:143:Infinity":45,"s:145:4:145:Infinity":46,"s:149:22:155:Infinity":47,"f:149:46:149:47":10,"s:150:4:154:Infinity":48,"s:151:23:151:Infinity":49,"s:152:18:152:63":50,"s:153:6:153:Infinity":51,"s:157:2:161:Infinity":52,"s:158:4:158:Infinity":53,"s:160:4:160:Infinity":54,"s:164:17:164:Infinity":55,"s:165:22:173:Infinity":56,"f:165:46:165:47":11,"s:166:4:171:Infinity":57,"s:167:31:167:Infinity":58,"b:168:6:170:Infinity:undefined:undefined:undefined:undefined":9,"s:168:6:170:Infinity":59,"s:169:8:169:Infinity":60,"s:172:4:172:Infinity":61,"s:175:2:179:Infinity":62,"s:176:4:176:Infinity":63,"s:178:4:178:Infinity":64,"s:185:32:200:Infinity":65,"f:185:32:185:Infinity":12,"b:186:2:199:Infinity:undefined:undefined:undefined:undefined":10,"s:186:2:199:Infinity":66,"s:187:19:187:46":67,"s:188:25:188:Infinity":68,"s:190:4:190:Infinity":69,"b:192:4:198:Infinity:undefined:undefined:undefined:undefined":11,"s:192:4:198:Infinity":70,"s:193:6:197:Infinity":71,"s:205:41:217:Infinity":72,"f:205:41:205:Infinity":13,"b:206:2:206:Infinity:undefined:undefined:undefined:undefined":12,"s:206:2:206:Infinity":73,"s:206:37:206:Infinity":74,"s:209:2:209:Infinity":75,"s:212:2:214:Infinity":76,"f:212:14:212:Infinity":14,"s:213:4:213:Infinity":77,"s:216:2:216:Infinity":78}}}
,"/home/runner/work/dial-smart-system/dial-smart-system/src/lib/phoneUtils.ts": {"path":"/home/runner/work/dial-smart-system/dial-smart-system/src/lib/phoneUtils.ts","statementMap":{"0":{"start":{"line":14,"column":2},"end":{"line":14,"column":null}},"1":{"start":{"line":14,"column":14},"end":{"line":14,"column":null}},"2":{"start":{"line":17,"column":18},"end":{"line":17,"column":null}},"3":{"start":{"line":20,"column":2},"end":{"line":26,"column":null}},"4":{"start":{"line":22,"column":4},"end":{"line":24,"column":null}},"5":{"start":{"line":23,"column":6},"end":{"line":23,"column":null}},"6":{"start":{"line":25,"column":4},"end":{"line":25,"column":null}},"7":{"start":{"line":29,"column":21},"end":{"line":29,"column":null}},"8":{"start":{"line":32,"column":2},"end":{"line":34,"column":null}},"9":{"start":{"line":33,"column":4},"end":{"line":33,"column":null}},"10":{"start":{"line":37,"column":2},"end":{"line":39,"column":null}},"11":{"start":{"line":38,"column":4},"end":{"line":38,"column":null}},"12":{"start":{"line":42,"column":2},"end":{"line":44,"column":null}},"13":{"start":{"line":43,"column":4},"end":{"line":43,"column":null}},"14":{"start":{"line":46,"column":2},"end":{"line":46,"column":null}},"15":{"start":{"line":55,"column":2},"end":{"line":55,"column":null}},"16":{"start":{"line":55,"column":14},"end":{"line":55,"column":null}},"17":{"start":{"line":57,"column":18},"end":{"line":57,"column":null}},"18":{"start":{"line":60,"column":2},"end":{"line":62,"column":null}},"19":{"start":{"line":61,"column":4},"end":{"line":61,"column":null}},"20":{"start":{"line":65,"column":2},"end":{"line":67,"column":null}},"21":{"start":{"line":66,"column":4},"end":{"line":66,"column":null}},"22":{"start":{"line":70,"column":2},"end":{"line":72,"column":null}},"23":{"start":{"line":71,"column":4},"end":{"line":71,"column":null}},"24":{"start":{"line":74,"column":2},"end":{"line":74,"column":null}},"25":{"start":{"line":83,"column":2},"end":{"line":83,"column":null}},"26":{"start":{"line":83,"column":14},"end":{"line":83,"column":null}},"27":{"start":{"line":85,"column":21},"end":{"line":85,"column":null}},"28":{"start":{"line":86,"column":2},"end":{"line":86,"column":null}},"29":{"start":{"line":95,"column":18},"end":{"line":95,"column":null}},"30":{"start":{"line":98,"column":2},"end":{"line":100,"column":null}},"31":{"start":{"line":99,"column":4},"end":{"line":99,"column":null}},"32":{"start":{"line":102,"column":2},"end":{"line":104,"column":null}},"33":{"start":{"line":103,"column":4},"end":{"line":103,"column":null}},"34":{"start":{"line":106,"column":2},"end":{"line":106,"column":null}},"35":{"start":{"line":116,"column":22},"end":{"line":116,"column":null}},"36":{"start":{"line":117,"column":22},"end":{"line":117,"column":null}},"37":{"start":{"line":119,"column":2},"end":{"line":119,"column":null}},"38":{"start":{"line":119,"column":36},"end":{"line":119,"column":null}},"39":{"start":{"line":121,"column":2},"end":{"line":121,"column":null}},"40":{"start":{"line":130,"column":2},"end":{"line":132,"column":null}},"41":{"start":{"line":131,"column":4},"end":{"line":131,"column":null}},"42":{"start":{"line":134,"column":18},"end":{"line":134,"column":null}},"43":{"start":{"line":136,"column":2},"end":{"line":138,"column":null}},"44":{"start":{"line":137,"column":4},"end":{"line":137,"column":null}},"45":{"start":{"line":140,"column":2},"end":{"line":142,"column":null}},"46":{"start":{"line":141,"column":4},"end":{"line":141,"column":null}},"47":{"start":{"line":144,"column":2},"end":{"line":146,"column":null}},"48":{"start":{"line":145,"column":4},"end":{"line":145,"column":null}},"49":{"start":{"line":148,"column":2},"end":{"line":148,"column":null}}},"fnMap":{"0":{"name":"normalizePhoneNumber","decl":{"start":{"line":13,"column":16},"end":{"line":13,"column":37}},"loc":{"start":{"line":13,"column":50},"end":{"line":47,"column":null}},"line":13},"1":{"name":"formatPhoneNumber","decl":{"start":{"line":54,"column":16},"end":{"line":54,"column":34}},"loc":{"start":{"line":54,"column":47},"end":{"line":75,"column":null}},"line":54},"2":{"name":"isValidPhoneNumber","decl":{"start":{"line":82,"column":16},"end":{"line":82,"column":35}},"loc":{"start":{"line":82,"column":48},"end":{"line":87,"column":null}},"line":82},"3":{"name":"extractAreaCode","decl":{"start":{"line":94,"column":16},"end":{"line":94,"column":32}},"loc":{"start":{"line":94,"column":45},"end":{"line":107,"column":null}},"line":94},"4":{"name":"arePhoneNumbersEqual","decl":{"start":{"line":115,"column":16},"end":{"line":115,"column":37}},"loc":{"start":{"line":115,"column":67},"end":{"line":122,"column":null}},"line":115},"5":{"name":"getPhoneValidationError","decl":{"start":{"line":129,"column":16},"end":{"line":129,"column":40}},"loc":{"start":{"line":129,"column":53},"end":{"line":149,"column":null}},"line":129}},"branchMap":{"0":{"loc":{"start":{"line":14,"column":2},"end":{"line":14,"column":null}},"type":"if","locations":[{"start":{"line":14,"column":2},"end":{"line":14,"column":null}},{"start":{},"end":{}}],"line":14},"1":{"loc":{"start":{"line":20,"column":2},"end":{"line":26,"column":null}},"type":"if","locations":[{"start":{"line":20,"column":2},"end":{"line":26,"column":null}},{"start":{},"end":{}}],"line":20},"2":{"loc":{"start":{"line":22,"column":4},"end":{"line":24,"column":null}},"type":"if","locations":[{"start":{"line":22,"column":4},"end":{"line":24,"column":null}},{"start":{},"end":{}}],"line":22},"3":{"loc":{"start":{"line":22,"column":8},"end":{"line":22,"column":54}},"type":"binary-expr","locations":[{"start":{"line":22,"column":8},"end":{"line":22,"column":32}},{"start":{"line":22,"column":32},"end":{"line":22,"column":54}}],"line":22},"4":{"loc":{"start":{"line":32,"column":2},"end":{"line":34,"column":null}},"type":"if","locations":[{"start":{"line":32,"column":2},"end":{"line":34,"column":null}},{"start":{},"end":{}}],"line":32},"5":{"loc":{"start":{"line":37,"column":2},"end":{"line":39,"column":null}},"type":"if","locations":[{"start":{"line":37,"column":2},"end":{"line":39,"column":null}},{"start":{},"end":{}}],"line":37},"6":{"loc":{"start":{"line":37,"column":6},"end":{"line":37,"column":62}},"type":"binary-expr","locations":[{"start":{"line":37,"column":6},"end":{"line":37,"column":34}},{"start":{"line":37,"column":34},"end":{"line":37,"column":62}}],"line":37},"7":{"loc":{"start":{"line":42,"column":2},"end":{"line":44,"column":null}},"type":"if","locations":[{"start":{"line":42,"column":2},"end":{"line":44,"column":null}},{"start":{},"end":{}}],"line":42},"8":{"loc":{"start":{"line":42,"column":6},"end":{"line":42,"column":57}},"type":"binary-expr","locations":[{"start":{"line":42,"column":6},"end":{"line":42,"column":32}},{"start":{"line":42,"column":32},"end":{"line":42,"column":57}}],"line":42},"9":{"loc":{"start":{"line":55,"column":2},"end":{"line":55,"column":null}},"type":"if","locations":[{"start":{"line":55,"column":2},"end":{"line":55,"column":null}},{"start":{},"end":{}}],"line":55},"10":{"loc":{"start":{"line":60,"column":2},"end":{"line":62,"column":null}},"type":"if","locations":[{"start":{"line":60,"column":2},"end":{"line":62,"column":null}},{"start":{},"end":{}}],"line":60},"11":{"loc":{"start":{"line":60,"column":6},"end":{"line":60,"column":56}},"type":"binary-expr","locations":[{"start":{"line":60,"column":6},"end":{"line":60,"column":31}},{"start":{"line":60,"column":31},"end":{"line":60,"column":56}}],"line":60},"12":{"loc":{"start":{"line":65,"column":2},"end":{"line":67,"column":null}},"type":"if","locations":[{"start":{"line":65,"column":2},"end":{"line":67,"column":null}},{"start":{},"end":{}}],"line":65},"13":{"loc":{"start":{"line":70,"column":2},"end":{"line":72,"column":null}},"type":"if","locations":[{"start":{"line":70,"column":2},"end":{"line":72,"column":null}},{"start":{},"end":{}}],"line":70},"14":{"loc":{"start":{"line":70,"column":6},"end":{"line":70,"column":52}},"type":"binary-expr","locations":[{"start":{"line":70,"column":6},"end":{"line":70,"column":32}},{"start":{"line":70,"column":32},"end":{"line":70,"column":52}}],"line":70},"15":{"loc":{"start":{"line":83,"column":2},"end":{"line":83,"column":null}},"type":"if","locations":[{"start":{"line":83,"column":2},"end":{"line":83,"column":null}},{"start":{},"end":{}}],"line":83},"16":{"loc":{"start":{"line":98,"column":2},"end":{"line":100,"column":null}},"type":"if","locations":[{"start":{"line":98,"column":2},"end":{"line":100,"column":null}},{"start":{},"end":{}}],"line":98},"17":{"loc":{"start":{"line":98,"column":6},"end":{"line":98,"column":56}},"type":"binary-expr","locations":[{"start":{"line":98,"column":6},"end":{"line":98,"column":31}},{"start":{"line":98,"column":31},"end":{"line":98,"column":56}}],"line":98},"18":{"loc":{"start":{"line":102,"column":2},"end":{"line":104,"column":null}},"type":"if","locations":[{"start":{"line":102,"column":2},"end":{"line":104,"column":null}},{"start":{},"end":{}}],"line":102},"19":{"loc":{"start":{"line":119,"column":2},"end":{"line":119,"column":null}},"type":"if","locations":[{"start":{"line":119,"column":2},"end":{"line":119,"column":null}},{"start":{},"end":{}}],"line":119},"20":{"loc":{"start":{"line":119,"column":6},"end":{"line":119,"column":36}},"type":"binary-expr","locations":[{"start":{"line":119,"column":6},"end":{"line":119,"column":22}},{"start":{"line":119,"column":22},"end":{"line":119,"column":36}}],"line":119},"21":{"loc":{"start":{"line":130,"column":2},"end":{"line":132,"column":null}},"type":"if","locations":[{"start":{"line":130,"column":2},"end":{"line":132,"column":null}},{"start":{},"end":{}}],"line":130},"22":{"loc":{"start":{"line":130,"column":6},"end":{"line":130,"column":37}},"type":"binary-expr","locations":[{"start":{"line":130,"column":6},"end":{"line":130,"column":16}},{"start":{"line":130,"column":16},"end":{"line":130,"column":37}}],"line":130},"23":{"loc":{"start":{"line":136,"column":2},"end":{"line":138,"column":null}},"type":"if","locations":[{"start":{"line":136,"column":2},"end":{"line":138,"column":null}},{"start":{},"end":{}}],"line":136},"24":{"loc":{"start":{"line":140,"column":2},"end":{"line":142,"column":null}},"type":"if","locations":[{"start":{"line":140,"column":2},"end":{"line":142,"column":null}},{"start":{},"end":{}}],"line":140},"25":{"loc":{"start":{"line":144,"column":2},"end":{"line":146,"column":null}},"type":"if","locations":[{"start":{"line":144,"column":2},"end":{"line":146,"column":null}},{"start":{},"end":{}}],"line":144}},"s":{"0":32,"1":3,"2":29,"3":29,"4":8,"5":8,"6":0,"7":21,"8":21,"9":13,"10":8,"11":1,"12":7,"13":0,"14":7,"15":6,"16":1,"17":5,"18":5,"19":2,"20":3,"21":2,"22":1,"23":1,"24":0,"25":12,"26":3,"27":9,"28":9,"29":6,"30":6,"31":1,"32":5,"33":2,"34":3,"35":6,"36":6,"37":6,"38":2,"39":4,"40":7,"41":2,"42":5,"43":5,"44":2,"45":3,"46":1,"47":2,"48":0,"49":2},"f":{"0":32,"1":6,"2":12,"3":6,"4":6,"5":7},"b":{"0":[3,29],"1":[8,21],"2":[8,0],"3":[8,8],"4":[13,8],"5":[1,7],"6":[8,1],"7":[0,7],"8":[7,1],"9":[1,5],"10":[2,3],"11":[5,2],"12":[2,1],"13":[1,0],"14":[1,1],"15":[3,9],"16":[1,5],"17":[6,1],"18":[2,3],"19":[2,4],"20":[6,4],"21":[2,5],"22":[7,6],"23":[2,3],"24":[1,2],"25":[0,2]},"meta":{"lastBranch":26,"lastFunction":6,"lastStatement":50,"seen":{"f:13:16:13:37":0,"b:14:2:14:Infinity:undefined:undefined:undefined:undefined":0,"s:14:2:14:Infinity":0,"s:14:14:14:Infinity":1,"s:17:18:17:Infinity":2,"b:20:2:26:Infinity:undefined:undefined:undefined:undefined":1,"s:20:2:26:Infinity":3,"b:22:4:24:Infinity:undefined:undefined:undefined:undefined":2,"s:22:4:24:Infinity":4,"b:22:8:22:32:22:32:22:54":3,"s:23:6:23:Infinity":5,"s:25:4:25:Infinity":6,"s:29:21:29:Infinity":7,"b:32:2:34:Infinity:undefined:undefined:undefined:undefined":4,"s:32:2:34:Infinity":8,"s:33:4:33:Infinity":9,"b:37:2:39:Infinity:undefined:undefined:undefined:undefined":5,"s:37:2:39:Infinity":10,"b:37:6:37:34:37:34:37:62":6,"s:38:4:38:Infinity":11,"b:42:2:44:Infinity:undefined:undefined:undefined:undefined":7,"s:42:2:44:Infinity":12,"b:42:6:42:32:42:32:42:57":8,"s:43:4:43:Infinity":13,"s:46:2:46:Infinity":14,"f:54:16:54:34":1,"b:55:2:55:Infinity:undefined:undefined:undefined:undefined":9,"s:55:2:55:Infinity":15,"s:55:14:55:Infinity":16,"s:57:18:57:Infinity":17,"b:60:2:62:Infinity:undefined:undefined:undefined:undefined":10,"s:60:2:62:Infinity":18,"b:60:6:60:31:60:31:60:56":11,"s:61:4:61:Infinity":19,"b:65:2:67:Infinity:undefined:undefined:undefined:undefined":12,"s:65:2:67:Infinity":20,"s:66:4:66:Infinity":21,"b:70:2:72:Infinity:undefined:undefined:undefined:undefined":13,"s:70:2:72:Infinity":22,"b:70:6:70:32:70:32:70:52":14,"s:71:4:71:Infinity":23,"s:74:2:74:Infinity":24,"f:82:16:82:35":2,"b:83:2:83:Infinity:undefined:undefined:undefined:undefined":15,"s:83:2:83:Infinity":25,"s:83:14:83:Infinity":26,"s:85:21:85:Infinity":27,"s:86:2:86:Infinity":28,"f:94:16:94:32":3,"s:95:18:95:Infinity":29,"b:98:2:100:Infinity:undefined:undefined:undefined:undefined":16,"s:98:2:100:Infinity":30,"b:98:6:98:31:98:31:98:56":17,"s:99:4:99:Infinity":31,"b:102:2:104:Infinity:undefined:undefined:undefined:undefined":18,"s:102:2:104:Infinity":32,"s:103:4:103:Infinity":33,"s:106:2:106:Infinity":34,"f:115:16:115:37":4,"s:116:22:116:Infinity":35,"s:117:22:117:Infinity":36,"b:119:2:119:Infinity:undefined:undefined:undefined:undefined":19,"s:119:2:119:Infinity":37,"b:119:6:119:22:119:22:119:36":20,"s:119:36:119:Infinity":38,"s:121:2:121:Infinity":39,"f:129:16:129:40":5,"b:130:2:132:Infinity:undefined:undefined:undefined:undefined":21,"s:130:2:132:Infinity":40,"b:130:6:130:16:130:16:130:37":22,"s:131:4:131:Infinity":41,"s:134:18:134:Infinity":42,"b:136:2:138:Infinity:undefined:undefined:undefined:undefined":23,"s:136:2:138:Infinity":43,"s:137:4:137:Infinity":44,"b:140:2:142:Infinity:undefined:undefined:undefined:undefined":24,"s:140:2:142:Infinity":45,"s:141:4:141:Infinity":46,"b:144:2:146:Infinity:undefined:undefined:undefined:undefined":25,"s:144:2:146:Infinity":47,"s:145:4:145:Infinity":48,"s:148:2:148:Infinity":49}}}
,"/home/runner/work/dial-smart-system/dial-smart-system/src/lib/sentry.ts": {"path":"/home/runner/work/dial-smart-system/dial-smart-system/src/lib/sentry.ts","statementMap":{"0":{"start":{"line":18,"column":26},"end":{"line":97,"column":null}},"1":{"start":{"line":19,"column":20},"end":{"line":19,"column":51}},"2":{"start":{"line":20,"column":22},"end":{"line":20,"column":null}},"3":{"start":{"line":21,"column":18},"end":{"line":21,"column":null}},"4":{"start":{"line":24,"column":2},"end":{"line":27,"column":null}},"5":{"start":{"line":25,"column":4},"end":{"line":25,"column":null}},"6":{"start":{"line":26,"column":4},"end":{"line":26,"column":null}},"7":{"start":{"line":29,"column":2},"end":{"line":94,"column":null}},"8":{"start":{"line":64,"column":20},"end":{"line":64,"column":42}},"9":{"start":{"line":66,"column":6},"end":{"line":76,"column":null}},"10":{"start":{"line":68,"column":8},"end":{"line":70,"column":null}},"11":{"start":{"line":69,"column":10},"end":{"line":69,"column":null}},"12":{"start":{"line":73,"column":8},"end":{"line":75,"column":null}},"13":{"start":{"line":74,"column":10},"end":{"line":74,"column":null}},"14":{"start":{"line":78,"column":6},"end":{"line":78,"column":null}},"15":{"start":{"line":96,"column":2},"end":{"line":96,"column":null}},"16":{"start":{"line":102,"column":29},"end":{"line":108,"column":null}},"17":{"start":{"line":103,"column":2},"end":{"line":107,"column":null}},"18":{"start":{"line":113,"column":31},"end":{"line":115,"column":null}},"19":{"start":{"line":114,"column":2},"end":{"line":114,"column":null}},"20":{"start":{"line":120,"column":32},"end":{"line":122,"column":null}},"21":{"start":{"line":121,"column":2},"end":{"line":121,"column":null}},"22":{"start":{"line":127,"column":28},"end":{"line":138,"column":null}},"23":{"start":{"line":128,"column":2},"end":{"line":137,"column":null}},"24":{"start":{"line":129,"column":4},"end":{"line":134,"column":null}},"25":{"start":{"line":130,"column":6},"end":{"line":132,"column":null}},"26":{"start":{"line":131,"column":8},"end":{"line":131,"column":null}},"27":{"start":{"line":133,"column":6},"end":{"line":133,"column":null}},"28":{"start":{"line":136,"column":4},"end":{"line":136,"column":null}},"29":{"start":{"line":143,"column":30},"end":{"line":145,"column":null}},"30":{"start":{"line":144,"column":2},"end":{"line":144,"column":null}},"31":{"start":{"line":150,"column":29},"end":{"line":157,"column":null}},"32":{"start":{"line":151,"column":2},"end":{"line":156,"column":null}}},"fnMap":{"0":{"name":"(anonymous_0)","decl":{"start":{"line":18,"column":26},"end":{"line":18,"column":null}},"loc":{"start":{"line":18,"column":26},"end":{"line":97,"column":null}},"line":18},"1":{"name":"(anonymous_1)","decl":{"start":{"line":62,"column":4},"end":{"line":62,"column":15}},"loc":{"start":{"line":62,"column":26},"end":{"line":79,"column":null}},"line":62},"2":{"name":"(anonymous_2)","decl":{"start":{"line":102,"column":29},"end":{"line":102,"column":30}},"loc":{"start":{"line":102,"column":30},"end":{"line":108,"column":null}},"line":102},"3":{"name":"(anonymous_3)","decl":{"start":{"line":113,"column":31},"end":{"line":113,"column":null}},"loc":{"start":{"line":113,"column":31},"end":{"line":115,"column":null}},"line":113},"4":{"name":"(anonymous_4)","decl":{"start":{"line":120,"column":32},"end":{"line":120,"column":33}},"loc":{"start":{"line":120,"column":50},"end":{"line":122,"column":null}},"line":120},"5":{"name":"(anonymous_5)","decl":{"start":{"line":127,"column":28},"end":{"line":127,"column":29}},"loc":{"start":{"line":127,"column":43},"end":{"line":138,"column":null}},"line":127},"6":{"name":"(anonymous_6)","decl":{"start":{"line":129,"column":21},"end":{"line":129,"column":22}},"loc":{"start":{"line":129,"column":22},"end":{"line":134,"column":null}},"line":129},"7":{"name":"(anonymous_7)","decl":{"start":{"line":130,"column":38},"end":{"line":130,"column":39}},"loc":{"start":{"line":130,"column":51},"end":{"line":132,"column":null}},"line":130},"8":{"name":"(anonymous_8)","decl":{"start":{"line":143,"column":30},"end":{"line":143,"column":31}},"loc":{"start":{"line":143,"column":92},"end":{"line":145,"column":null}},"line":143},"9":{"name":"(anonymous_9)","decl":{"start":{"line":150,"column":29},"end":{"line":150,"column":30}},"loc":{"start":{"line":150,"column":47},"end":{"line":157,"column":null}},"line":150}},"branchMap":{"0":{"loc":{"start":{"line":20,"column":22},"end":{"line":20,"column":null}},"type":"binary-expr","locations":[{"start":{"line":20,"column":22},"end":{"line":20,"column":54}},{"start":{"line":20,"column":58},"end":{"line":20,"column":null}}],"line":20},"1":{"loc":{"start":{"line":21,"column":18},"end":{"line":21,"column":null}},"type":"binary-expr","locations":[{"start":{"line":21,"column":18},"end":{"line":21,"column":50}},{"start":{"line":21,"column":54},"end":{"line":21,"column":null}}],"line":21},"2":{"loc":{"start":{"line":24,"column":2},"end":{"line":27,"column":null}},"type":"if","locations":[{"start":{"line":24,"column":2},"end":{"line":27,"column":null}},{"start":{},"end":{}}],"line":24},"3":{"loc":{"start":{"line":54,"column":22},"end":{"line":54,"column":null}},"type":"cond-expr","locations":[{"start":{"line":54,"column":53},"end":{"line":54,"column":59}},{"start":{"line":54,"column":59},"end":{"line":54,"column":null}}],"line":54},"4":{"loc":{"start":{"line":58,"column":30},"end":{"line":58,"column":null}},"type":"cond-expr","locations":[{"start":{"line":58,"column":61},"end":{"line":58,"column":67}},{"start":{"line":58,"column":67},"end":{"line":58,"column":null}}],"line":58},"5":{"loc":{"start":{"line":66,"column":6},"end":{"line":76,"column":null}},"type":"if","locations":[{"start":{"line":66,"column":6},"end":{"line":76,"column":null}},{"start":{},"end":{}}],"line":66},"6":{"loc":{"start":{"line":68,"column":8},"end":{"line":70,"column":null}},"type":"if","locations":[{"start":{"line":68,"column":8},"end":{"line":70,"column":null}},{"start":{},"end":{}}],"line":68},"7":{"loc":{"start":{"line":68,"column":12},"end":{"line":68,"column":92}},"type":"binary-expr","locations":[{"start":{"line":68,"column":12},"end":{"line":68,"column":57}},{"start":{"line":68,"column":57},"end":{"line":68,"column":92}}],"line":68},"8":{"loc":{"start":{"line":73,"column":8},"end":{"line":75,"column":null}},"type":"if","locations":[{"start":{"line":73,"column":8},"end":{"line":75,"column":null}},{"start":{},"end":{}}],"line":73},"9":{"loc":{"start":{"line":128,"column":2},"end":{"line":137,"column":null}},"type":"if","locations":[{"start":{"line":128,"column":2},"end":{"line":137,"column":null}},{"start":{"line":135,"column":9},"end":{"line":137,"column":null}}],"line":128},"10":{"loc":{"start":{"line":143,"column":48},"end":{"line":143,"column":92}},"type":"default-arg","locations":[{"start":{"line":143,"column":86},"end":{"line":143,"column":92}}],"line":143}},"s":{"0":3,"1":0,"2":0,"3":0,"4":0,"5":0,"6":0,"7":0,"8":0,"9":0,"10":0,"11":0,"12":0,"13":0,"14":0,"15":0,"16":3,"17":0,"18":3,"19":0,"20":3,"21":0,"22":3,"23":4,"24":4,"25":4,"26":8,"27":4,"28":0,"29":3,"30":2,"31":3,"32":21},"f":{"0":0,"1":0,"2":0,"3":0,"4":0,"5":4,"6":4,"7":8,"8":2,"9":21},"b":{"0":[0,0],"1":[0,0],"2":[0,0],"3":[0,0],"4":[0,0],"5":[0,0],"6":[0,0],"7":[0,0],"8":[0,0],"9":[4,0],"10":[2]},"meta":{"lastBranch":11,"lastFunction":10,"lastStatement":33,"seen":{"s:18:26:97:Infinity":0,"f:18:26:18:Infinity":0,"s:19:20:19:51":1,"s:20:22:20:Infinity":2,"b:20:22:20:54:20:58:20:Infinity":0,"s:21:18:21:Infinity":3,"b:21:18:21:50:21:54:21:Infinity":1,"b:24:2:27:Infinity:undefined:undefined:undefined:undefined":2,"s:24:2:27:Infinity":4,"s:25:4:25:Infinity":5,"s:26:4:26:Infinity":6,"s:29:2:94:Infinity":7,"b:54:53:54:59:54:59:54:Infinity":3,"b:58:61:58:67:58:67:58:Infinity":4,"f:62:4:62:15":1,"s:64:20:64:42":8,"b:66:6:76:Infinity:undefined:undefined:undefined:undefined":5,"s:66:6:76:Infinity":9,"b:68:8:70:Infinity:undefined:undefined:undefined:undefined":6,"s:68:8:70:Infinity":10,"b:68:12:68:57:68:57:68:92":7,"s:69:10:69:Infinity":11,"b:73:8:75:Infinity:undefined:undefined:undefined:undefined":8,"s:73:8:75:Infinity":12,"s:74:10:74:Infinity":13,"s:78:6:78:Infinity":14,"s:96:2:96:Infinity":15,"s:102:29:108:Infinity":16,"f:102:29:102:30":2,"s:103:2:107:Infinity":17,"s:113:31:115:Infinity":18,"f:113:31:113:Infinity":3,"s:114:2:114:Infinity":19,"s:120:32:122:Infinity":20,"f:120:32:120:33":4,"s:121:2:121:Infinity":21,"s:127:28:138:Infinity":22,"f:127:28:127:29":5,"b:128:2:137:Infinity:135:9:137:Infinity":9,"s:128:2:137:Infinity":23,"s:129:4:134:Infinity":24,"f:129:21:129:22":6,"s:130:6:132:Infinity":25,"f:130:38:130:39":7,"s:131:8:131:Infinity":26,"s:133:6:133:Infinity":27,"s:136:4:136:Infinity":28,"s:143:30:145:Infinity":29,"f:143:30:143:31":8,"b:143:86:143:92":10,"s:144:2:144:Infinity":30,"s:150:29:157:Infinity":31,"f:150:29:150:30":9,"s:151:2:156:Infinity":32}}}
,"/home/runner/work/dial-smart-system/dial-smart-system/src/lib/utils.ts": {"path":"/home/runner/work/dial-smart-system/dial-smart-system/src/lib/utils.ts","statementMap":{"0":{"start":{"line":5,"column":2},"end":{"line":5,"column":null}}},"fnMap":{"0":{"name":"cn","decl":{"start":{"line":4,"column":16},"end":{"line":4,"column":19}},"loc":{"start":{"line":4,"column":42},"end":{"line":6,"column":null}},"line":4}},"branchMap":{},"s":{"0":387},"f":{"0":387},"b":{},"meta":{"lastBranch":0,"lastFunction":1,"lastStatement":1,"seen":{"f:4:16:4:19":0,"s:5:2:5:Infinity":0}}}
}
